[debug] [2024-12-23T03:53:24.990Z] ----------------------------------------------------------------------
[debug] [2024-12-23T03:53:24.993Z] Command:       C:\Program Files\nodejs\node.exe C:\Users\Kamuito\AppData\Roaming\npm\node_modules\firebase-tools\lib\bin\firebase.js deploy --only functions
[debug] [2024-12-23T03:53:24.993Z] CLI Version:   13.29.1
[debug] [2024-12-23T03:53:24.993Z] Platform:      win32
[debug] [2024-12-23T03:53:24.994Z] Node Version:  v20.12.2
[debug] [2024-12-23T03:53:24.994Z] Time:          Mon Dec 23 2024 10:53:24 GMT+0700 (Indochina Time)
[debug] [2024-12-23T03:53:24.994Z] ----------------------------------------------------------------------
[debug] 
[debug] [2024-12-23T03:53:25.074Z] > command requires scopes: ["email","openid","https://www.googleapis.com/auth/cloudplatformprojects.readonly","https://www.googleapis.com/auth/firebase","https://www.googleapis.com/auth/cloud-platform"]
[debug] [2024-12-23T03:53:25.074Z] > authorizing via signed-in user (piyapat.pai420@gmail.com)
[debug] [2024-12-23T03:53:25.074Z] [iam] checking project ecom-firestore-11867 for permissions ["cloudfunctions.functions.create","cloudfunctions.functions.delete","cloudfunctions.functions.get","cloudfunctions.functions.list","cloudfunctions.functions.update","cloudfunctions.operations.get","firebase.projects.get"]
[debug] [2024-12-23T03:53:25.076Z] Checked if tokens are valid: true, expires at: 1734927131257
[debug] [2024-12-23T03:53:25.076Z] Checked if tokens are valid: true, expires at: 1734927131257
[debug] [2024-12-23T03:53:25.077Z] >>> [apiv2][query] POST https://cloudresourcemanager.googleapis.com/v1/projects/ecom-firestore-11867:testIamPermissions [none]
[debug] [2024-12-23T03:53:25.077Z] >>> [apiv2][(partial)header] POST https://cloudresourcemanager.googleapis.com/v1/projects/ecom-firestore-11867:testIamPermissions x-goog-quota-user=projects/ecom-firestore-11867
[debug] [2024-12-23T03:53:25.077Z] >>> [apiv2][body] POST https://cloudresourcemanager.googleapis.com/v1/projects/ecom-firestore-11867:testIamPermissions {"permissions":["cloudfunctions.functions.create","cloudfunctions.functions.delete","cloudfunctions.functions.get","cloudfunctions.functions.list","cloudfunctions.functions.update","cloudfunctions.operations.get","firebase.projects.get"]}
[debug] [2024-12-23T03:53:26.252Z] <<< [apiv2][status] POST https://cloudresourcemanager.googleapis.com/v1/projects/ecom-firestore-11867:testIamPermissions 200
[debug] [2024-12-23T03:53:26.253Z] <<< [apiv2][body] POST https://cloudresourcemanager.googleapis.com/v1/projects/ecom-firestore-11867:testIamPermissions {"permissions":["cloudfunctions.functions.create","cloudfunctions.functions.delete","cloudfunctions.functions.get","cloudfunctions.functions.list","cloudfunctions.functions.update","cloudfunctions.operations.get","firebase.projects.get"]}
[debug] [2024-12-23T03:53:26.253Z] Checked if tokens are valid: true, expires at: 1734927131257
[debug] [2024-12-23T03:53:26.253Z] Checked if tokens are valid: true, expires at: 1734927131257
[debug] [2024-12-23T03:53:26.253Z] >>> [apiv2][query] POST https://iam.googleapis.com/v1/projects/ecom-firestore-11867/serviceAccounts/ecom-firestore-11867@appspot.gserviceaccount.com:testIamPermissions [none]
[debug] [2024-12-23T03:53:26.253Z] >>> [apiv2][body] POST https://iam.googleapis.com/v1/projects/ecom-firestore-11867/serviceAccounts/ecom-firestore-11867@appspot.gserviceaccount.com:testIamPermissions {"permissions":["iam.serviceAccounts.actAs"]}
[debug] [2024-12-23T03:53:26.842Z] <<< [apiv2][status] POST https://iam.googleapis.com/v1/projects/ecom-firestore-11867/serviceAccounts/ecom-firestore-11867@appspot.gserviceaccount.com:testIamPermissions 200
[debug] [2024-12-23T03:53:26.843Z] <<< [apiv2][body] POST https://iam.googleapis.com/v1/projects/ecom-firestore-11867/serviceAccounts/ecom-firestore-11867@appspot.gserviceaccount.com:testIamPermissions {"permissions":["iam.serviceAccounts.actAs"]}
[info] 
[info] === Deploying to 'ecom-firestore-11867'...
[info] 
[info] i  deploying functions 
[debug] [2024-12-23T03:53:26.846Z] Checked if tokens are valid: true, expires at: 1734927131257
[debug] [2024-12-23T03:53:26.846Z] Checked if tokens are valid: true, expires at: 1734927131257
[debug] [2024-12-23T03:53:26.846Z] >>> [apiv2][query] GET https://cloudresourcemanager.googleapis.com/v1/projects/ecom-firestore-11867 [none]
[debug] [2024-12-23T03:53:27.141Z] <<< [apiv2][status] GET https://cloudresourcemanager.googleapis.com/v1/projects/ecom-firestore-11867 200
[debug] [2024-12-23T03:53:27.141Z] <<< [apiv2][body] GET https://cloudresourcemanager.googleapis.com/v1/projects/ecom-firestore-11867 {"projectNumber":"700548026300","projectId":"ecom-firestore-11867","lifecycleState":"ACTIVE","name":"ecom-firestore","labels":{"firebase":"enabled","firebase-core":"disabled"},"createTime":"2024-12-09T05:07:39.995833Z"}
[info] i  functions: preparing codebase default for deployment 
[info] i  functions: ensuring required API cloudfunctions.googleapis.com is enabled... 
[debug] [2024-12-23T03:53:27.143Z] Checked if tokens are valid: true, expires at: 1734927131257
[debug] [2024-12-23T03:53:27.143Z] Checked if tokens are valid: true, expires at: 1734927131257
[debug] [2024-12-23T03:53:27.143Z] Checked if tokens are valid: true, expires at: 1734927131257
[debug] [2024-12-23T03:53:27.143Z] Checked if tokens are valid: true, expires at: 1734927131257
[info] i  functions: ensuring required API cloudbuild.googleapis.com is enabled... 
[debug] [2024-12-23T03:53:27.144Z] Checked if tokens are valid: true, expires at: 1734927131257
[debug] [2024-12-23T03:53:27.144Z] Checked if tokens are valid: true, expires at: 1734927131257
[info] i  artifactregistry: ensuring required API artifactregistry.googleapis.com is enabled... 
[debug] [2024-12-23T03:53:27.144Z] Checked if tokens are valid: true, expires at: 1734927131257
[debug] [2024-12-23T03:53:27.144Z] Checked if tokens are valid: true, expires at: 1734927131257
[debug] [2024-12-23T03:53:27.145Z] >>> [apiv2][query] GET https://serviceusage.googleapis.com/v1/projects/ecom-firestore-11867/services/cloudfunctions.googleapis.com [none]
[debug] [2024-12-23T03:53:27.145Z] >>> [apiv2][(partial)header] GET https://serviceusage.googleapis.com/v1/projects/ecom-firestore-11867/services/cloudfunctions.googleapis.com x-goog-quota-user=projects/ecom-firestore-11867
[debug] [2024-12-23T03:53:27.146Z] >>> [apiv2][query] GET https://serviceusage.googleapis.com/v1/projects/ecom-firestore-11867/services/runtimeconfig.googleapis.com [none]
[debug] [2024-12-23T03:53:27.146Z] >>> [apiv2][(partial)header] GET https://serviceusage.googleapis.com/v1/projects/ecom-firestore-11867/services/runtimeconfig.googleapis.com x-goog-quota-user=projects/ecom-firestore-11867
[debug] [2024-12-23T03:53:27.147Z] >>> [apiv2][query] GET https://serviceusage.googleapis.com/v1/projects/ecom-firestore-11867/services/cloudbuild.googleapis.com [none]
[debug] [2024-12-23T03:53:27.147Z] >>> [apiv2][(partial)header] GET https://serviceusage.googleapis.com/v1/projects/ecom-firestore-11867/services/cloudbuild.googleapis.com x-goog-quota-user=projects/ecom-firestore-11867
[debug] [2024-12-23T03:53:27.148Z] >>> [apiv2][query] GET https://serviceusage.googleapis.com/v1/projects/ecom-firestore-11867/services/artifactregistry.googleapis.com [none]
[debug] [2024-12-23T03:53:27.148Z] >>> [apiv2][(partial)header] GET https://serviceusage.googleapis.com/v1/projects/ecom-firestore-11867/services/artifactregistry.googleapis.com x-goog-quota-user=projects/ecom-firestore-11867
[debug] [2024-12-23T03:53:28.569Z] <<< [apiv2][status] GET https://serviceusage.googleapis.com/v1/projects/ecom-firestore-11867/services/cloudbuild.googleapis.com 200
[debug] [2024-12-23T03:53:28.570Z] <<< [apiv2][body] GET https://serviceusage.googleapis.com/v1/projects/ecom-firestore-11867/services/cloudbuild.googleapis.com [omitted]
[info] +  functions: required API cloudbuild.googleapis.com is enabled 
[debug] [2024-12-23T03:53:28.582Z] <<< [apiv2][status] GET https://serviceusage.googleapis.com/v1/projects/ecom-firestore-11867/services/runtimeconfig.googleapis.com 200
[debug] [2024-12-23T03:53:28.582Z] <<< [apiv2][body] GET https://serviceusage.googleapis.com/v1/projects/ecom-firestore-11867/services/runtimeconfig.googleapis.com [omitted]
[debug] [2024-12-23T03:53:28.593Z] <<< [apiv2][status] GET https://serviceusage.googleapis.com/v1/projects/ecom-firestore-11867/services/cloudfunctions.googleapis.com 200
[debug] [2024-12-23T03:53:28.594Z] <<< [apiv2][body] GET https://serviceusage.googleapis.com/v1/projects/ecom-firestore-11867/services/cloudfunctions.googleapis.com [omitted]
[info] +  functions: required API cloudfunctions.googleapis.com is enabled 
[debug] [2024-12-23T03:53:28.597Z] <<< [apiv2][status] GET https://serviceusage.googleapis.com/v1/projects/ecom-firestore-11867/services/artifactregistry.googleapis.com 200
[debug] [2024-12-23T03:53:28.597Z] <<< [apiv2][body] GET https://serviceusage.googleapis.com/v1/projects/ecom-firestore-11867/services/artifactregistry.googleapis.com [omitted]
[info] +  artifactregistry: required API artifactregistry.googleapis.com is enabled 
[debug] [2024-12-23T03:53:28.598Z] Checked if tokens are valid: true, expires at: 1734927131257
[debug] [2024-12-23T03:53:28.598Z] Checked if tokens are valid: true, expires at: 1734927131257
[debug] [2024-12-23T03:53:28.598Z] >>> [apiv2][query] GET https://firebase.googleapis.com/v1beta1/projects/ecom-firestore-11867/adminSdkConfig [none]
[debug] [2024-12-23T03:53:29.792Z] <<< [apiv2][status] GET https://firebase.googleapis.com/v1beta1/projects/ecom-firestore-11867/adminSdkConfig 200
[debug] [2024-12-23T03:53:29.793Z] <<< [apiv2][body] GET https://firebase.googleapis.com/v1beta1/projects/ecom-firestore-11867/adminSdkConfig {"projectId":"ecom-firestore-11867","storageBucket":"ecom-firestore-11867.firebasestorage.app"}
[debug] [2024-12-23T03:53:29.793Z] Checked if tokens are valid: true, expires at: 1734927131257
[debug] [2024-12-23T03:53:29.794Z] Checked if tokens are valid: true, expires at: 1734927131257
[debug] [2024-12-23T03:53:29.794Z] >>> [apiv2][query] GET https://runtimeconfig.googleapis.com/v1beta1/projects/ecom-firestore-11867/configs [none]
[debug] [2024-12-23T03:53:30.392Z] <<< [apiv2][status] GET https://runtimeconfig.googleapis.com/v1beta1/projects/ecom-firestore-11867/configs 200
[debug] [2024-12-23T03:53:30.392Z] <<< [apiv2][body] GET https://runtimeconfig.googleapis.com/v1beta1/projects/ecom-firestore-11867/configs {}
[debug] [2024-12-23T03:53:30.394Z] Validating nodejs source
[debug] [2024-12-23T03:53:31.965Z] > [functions] package.json contents: {
  "name": "functions",
  "description": "Cloud Functions for Firebase",
  "scripts": {
    "serve": "firebase emulators:start --only functions",
    "shell": "firebase functions:shell",
    "start": "npm run shell",
    "deploy": "firebase deploy --only functions",
    "logs": "firebase functions:log"
  },
  "engines": {
    "node": "22"
  },
  "main": "index.js",
  "dependencies": {
    "firebase-admin": "^12.6.0",
    "firebase-functions": "^6.0.1"
  },
  "devDependencies": {
    "@types/bcryptjs": "^2.4.6",
    "firebase-functions-test": "^3.1.0"
  },
  "private": true
}
[debug] [2024-12-23T03:53:31.965Z] Building nodejs source
[info] i  functions: Loading and analyzing source code for codebase default to determine what to deploy 
[debug] [2024-12-23T03:53:31.967Z] Could not find functions.yaml. Must use http discovery
[debug] [2024-12-23T03:53:31.986Z] Found firebase-functions binary at 'C:\Users\Kamuito\Desktop\ecom\functions\node_modules\.bin\firebase-functions'
[info] Serving at port 8015

[debug] [2024-12-23T03:53:32.977Z] Got response from /__/functions.yaml {"endpoints":{"addmessage":{"availableMemoryMb":null,"timeoutSeconds":null,"minInstances":null,"maxInstances":null,"ingressSettings":null,"concurrency":null,"serviceAccountEmail":null,"vpc":null,"platform":"gcfv2","labels":{},"httpsTrigger":{},"entryPoint":"addmessage"},"makeuppercase":{"availableMemoryMb":null,"timeoutSeconds":null,"minInstances":null,"maxInstances":null,"ingressSettings":null,"concurrency":null,"serviceAccountEmail":null,"vpc":null,"platform":"gcfv2","labels":{},"eventTrigger":{"eventType":"google.cloud.firestore.document.v1.created","eventFilters":{"database":"(default)","namespace":"(default)"},"eventFilterPathPatterns":{"document":"messages/{documentId}"},"retry":false},"entryPoint":"makeuppercase"}},"specVersion":"v1alpha1","requiredAPIs":[],"extensions":{}}
[info] i  extensions: ensuring required API firebaseextensions.googleapis.com is enabled... 
[debug] [2024-12-23T03:53:38.015Z] Checked if tokens are valid: true, expires at: 1734927131257
[debug] [2024-12-23T03:53:38.015Z] Checked if tokens are valid: true, expires at: 1734927131257
[debug] [2024-12-23T03:53:38.015Z] >>> [apiv2][query] GET https://serviceusage.googleapis.com/v1/projects/ecom-firestore-11867/services/firebaseextensions.googleapis.com [none]
[debug] [2024-12-23T03:53:38.015Z] >>> [apiv2][(partial)header] GET https://serviceusage.googleapis.com/v1/projects/ecom-firestore-11867/services/firebaseextensions.googleapis.com x-goog-quota-user=projects/ecom-firestore-11867
[debug] [2024-12-23T03:53:39.409Z] <<< [apiv2][status] GET https://serviceusage.googleapis.com/v1/projects/ecom-firestore-11867/services/firebaseextensions.googleapis.com 200
[debug] [2024-12-23T03:53:39.409Z] <<< [apiv2][body] GET https://serviceusage.googleapis.com/v1/projects/ecom-firestore-11867/services/firebaseextensions.googleapis.com [omitted]
[info] +  extensions: required API firebaseextensions.googleapis.com is enabled 
[debug] [2024-12-23T03:53:39.409Z] > command requires scopes: ["email","openid","https://www.googleapis.com/auth/cloudplatformprojects.readonly","https://www.googleapis.com/auth/firebase","https://www.googleapis.com/auth/cloud-platform"]
[debug] [2024-12-23T03:53:39.409Z] > authorizing via signed-in user (piyapat.pai420@gmail.com)
[debug] [2024-12-23T03:53:39.409Z] [iam] checking project ecom-firestore-11867 for permissions ["firebase.projects.get","firebaseextensions.instances.list"]
[debug] [2024-12-23T03:53:39.410Z] Checked if tokens are valid: true, expires at: 1734927131257
[debug] [2024-12-23T03:53:39.410Z] Checked if tokens are valid: true, expires at: 1734927131257
[debug] [2024-12-23T03:53:39.410Z] >>> [apiv2][query] POST https://cloudresourcemanager.googleapis.com/v1/projects/ecom-firestore-11867:testIamPermissions [none]
[debug] [2024-12-23T03:53:39.410Z] >>> [apiv2][(partial)header] POST https://cloudresourcemanager.googleapis.com/v1/projects/ecom-firestore-11867:testIamPermissions x-goog-quota-user=projects/ecom-firestore-11867
[debug] [2024-12-23T03:53:39.410Z] >>> [apiv2][body] POST https://cloudresourcemanager.googleapis.com/v1/projects/ecom-firestore-11867:testIamPermissions {"permissions":["firebase.projects.get","firebaseextensions.instances.list"]}
[debug] [2024-12-23T03:53:40.501Z] <<< [apiv2][status] POST https://cloudresourcemanager.googleapis.com/v1/projects/ecom-firestore-11867:testIamPermissions 200
[debug] [2024-12-23T03:53:40.501Z] <<< [apiv2][body] POST https://cloudresourcemanager.googleapis.com/v1/projects/ecom-firestore-11867:testIamPermissions {"permissions":["firebase.projects.get","firebaseextensions.instances.list"]}
[debug] [2024-12-23T03:53:40.502Z] Checked if tokens are valid: true, expires at: 1734927131257
[debug] [2024-12-23T03:53:40.502Z] Checked if tokens are valid: true, expires at: 1734927131257
[debug] [2024-12-23T03:53:40.502Z] >>> [apiv2][query] GET https://firebaseextensions.googleapis.com/v1beta/projects/ecom-firestore-11867/instances pageSize=100&pageToken=
[debug] [2024-12-23T03:53:41.862Z] <<< [apiv2][status] GET https://firebaseextensions.googleapis.com/v1beta/projects/ecom-firestore-11867/instances 200
[debug] [2024-12-23T03:53:41.862Z] <<< [apiv2][body] GET https://firebaseextensions.googleapis.com/v1beta/projects/ecom-firestore-11867/instances {}
[info] i  functions: preparing functions directory for uploading... 
[info] i  functions: packaged C:\Users\Kamuito\Desktop\ecom\functions (32.25 KB) for uploading 
[debug] [2024-12-23T03:53:41.914Z] Checked if tokens are valid: true, expires at: 1734927131257
[debug] [2024-12-23T03:53:41.914Z] Checked if tokens are valid: true, expires at: 1734927131257
[debug] [2024-12-23T03:53:41.914Z] >>> [apiv2][query] GET https://cloudfunctions.googleapis.com/v1/projects/ecom-firestore-11867/locations/-/functions [none]
[debug] [2024-12-23T03:53:42.762Z] <<< [apiv2][status] GET https://cloudfunctions.googleapis.com/v1/projects/ecom-firestore-11867/locations/-/functions 200
[debug] [2024-12-23T03:53:42.762Z] <<< [apiv2][body] GET https://cloudfunctions.googleapis.com/v1/projects/ecom-firestore-11867/locations/-/functions {}
[debug] [2024-12-23T03:53:42.763Z] Checked if tokens are valid: true, expires at: 1734927131257
[debug] [2024-12-23T03:53:42.763Z] Checked if tokens are valid: true, expires at: 1734927131257
[debug] [2024-12-23T03:53:42.763Z] >>> [apiv2][query] GET https://cloudfunctions.googleapis.com/v2/projects/ecom-firestore-11867/locations/-/functions filter=environment%3D%22GEN_2%22
[debug] [2024-12-23T03:53:44.300Z] <<< [apiv2][status] GET https://cloudfunctions.googleapis.com/v2/projects/ecom-firestore-11867/locations/-/functions 200
[debug] [2024-12-23T03:53:44.300Z] <<< [apiv2][body] GET https://cloudfunctions.googleapis.com/v2/projects/ecom-firestore-11867/locations/-/functions {}
[debug] [2024-12-23T03:53:44.302Z] Checked if tokens are valid: true, expires at: 1734927131257
[debug] [2024-12-23T03:53:44.302Z] Checked if tokens are valid: true, expires at: 1734927131257
[debug] [2024-12-23T03:53:44.302Z] >>> [apiv2][query] GET https://firestore.googleapis.com/v1/projects/ecom-firestore-11867/databases/(default) [none]
[debug] [2024-12-23T03:53:44.525Z] <<< [apiv2][status] GET https://firestore.googleapis.com/v1/projects/ecom-firestore-11867/databases/(default) 200
[debug] [2024-12-23T03:53:44.525Z] <<< [apiv2][body] GET https://firestore.googleapis.com/v1/projects/ecom-firestore-11867/databases/(default) {"name":"projects/ecom-firestore-11867/databases/(default)","uid":"5d0e6847-33ff-418a-8aaa-111ed01157c2","createTime":"2024-12-09T05:09:59.034509Z","updateTime":"2024-12-09T05:09:59.034509Z","locationId":"asia-southeast1","type":"FIRESTORE_NATIVE","concurrencyMode":"PESSIMISTIC","versionRetentionPeriod":"3600s","earliestVersionTime":"2024-12-23T02:53:44.633206Z","appEngineIntegrationMode":"DISABLED","keyPrefix":"zas","pointInTimeRecoveryEnablement":"POINT_IN_TIME_RECOVERY_DISABLED","deleteProtectionState":"DELETE_PROTECTION_DISABLED","etag":"IOPQo4v/vIoDMMC+2rz4t4oD"}
[info] i  functions: ensuring required API run.googleapis.com is enabled... 
[debug] [2024-12-23T03:53:44.527Z] Checked if tokens are valid: true, expires at: 1734927131257
[debug] [2024-12-23T03:53:44.527Z] Checked if tokens are valid: true, expires at: 1734927131257
[info] i  functions: ensuring required API eventarc.googleapis.com is enabled... 
[debug] [2024-12-23T03:53:44.528Z] Checked if tokens are valid: true, expires at: 1734927131257
[debug] [2024-12-23T03:53:44.528Z] Checked if tokens are valid: true, expires at: 1734927131257
[info] i  functions: ensuring required API pubsub.googleapis.com is enabled... 
[debug] [2024-12-23T03:53:44.528Z] Checked if tokens are valid: true, expires at: 1734927131257
[debug] [2024-12-23T03:53:44.528Z] Checked if tokens are valid: true, expires at: 1734927131257
[info] i  functions: ensuring required API storage.googleapis.com is enabled... 
[debug] [2024-12-23T03:53:44.529Z] Checked if tokens are valid: true, expires at: 1734927131257
[debug] [2024-12-23T03:53:44.529Z] Checked if tokens are valid: true, expires at: 1734927131257
[debug] [2024-12-23T03:53:44.529Z] >>> [apiv2][query] GET https://serviceusage.googleapis.com/v1/projects/ecom-firestore-11867/services/run.googleapis.com [none]
[debug] [2024-12-23T03:53:44.529Z] >>> [apiv2][(partial)header] GET https://serviceusage.googleapis.com/v1/projects/ecom-firestore-11867/services/run.googleapis.com x-goog-quota-user=projects/ecom-firestore-11867
[debug] [2024-12-23T03:53:44.531Z] >>> [apiv2][query] GET https://serviceusage.googleapis.com/v1/projects/ecom-firestore-11867/services/eventarc.googleapis.com [none]
[debug] [2024-12-23T03:53:44.531Z] >>> [apiv2][(partial)header] GET https://serviceusage.googleapis.com/v1/projects/ecom-firestore-11867/services/eventarc.googleapis.com x-goog-quota-user=projects/ecom-firestore-11867
[debug] [2024-12-23T03:53:44.533Z] >>> [apiv2][query] GET https://serviceusage.googleapis.com/v1/projects/ecom-firestore-11867/services/pubsub.googleapis.com [none]
[debug] [2024-12-23T03:53:44.533Z] >>> [apiv2][(partial)header] GET https://serviceusage.googleapis.com/v1/projects/ecom-firestore-11867/services/pubsub.googleapis.com x-goog-quota-user=projects/ecom-firestore-11867
[debug] [2024-12-23T03:53:44.535Z] >>> [apiv2][query] GET https://serviceusage.googleapis.com/v1/projects/ecom-firestore-11867/services/storage.googleapis.com [none]
[debug] [2024-12-23T03:53:44.535Z] >>> [apiv2][(partial)header] GET https://serviceusage.googleapis.com/v1/projects/ecom-firestore-11867/services/storage.googleapis.com x-goog-quota-user=projects/ecom-firestore-11867
[debug] [2024-12-23T03:53:45.936Z] <<< [apiv2][status] GET https://serviceusage.googleapis.com/v1/projects/ecom-firestore-11867/services/run.googleapis.com 200
[debug] [2024-12-23T03:53:45.936Z] <<< [apiv2][body] GET https://serviceusage.googleapis.com/v1/projects/ecom-firestore-11867/services/run.googleapis.com [omitted]
[warn] !  functions: missing required API run.googleapis.com. Enabling now... 
[debug] [2024-12-23T03:53:45.937Z] Checked if tokens are valid: true, expires at: 1734927131257
[debug] [2024-12-23T03:53:45.937Z] Checked if tokens are valid: true, expires at: 1734927131257
[debug] [2024-12-23T03:53:45.937Z] >>> [apiv2][query] POST https://serviceusage.googleapis.com/v1/projects/ecom-firestore-11867/services/run.googleapis.com:enable [none]
[debug] [2024-12-23T03:53:45.937Z] >>> [apiv2][(partial)header] POST https://serviceusage.googleapis.com/v1/projects/ecom-firestore-11867/services/run.googleapis.com:enable x-goog-quota-user=projects/ecom-firestore-11867
[debug] [2024-12-23T03:53:45.944Z] <<< [apiv2][status] GET https://serviceusage.googleapis.com/v1/projects/ecom-firestore-11867/services/eventarc.googleapis.com 200
[debug] [2024-12-23T03:53:45.944Z] <<< [apiv2][body] GET https://serviceusage.googleapis.com/v1/projects/ecom-firestore-11867/services/eventarc.googleapis.com [omitted]
[warn] !  functions: missing required API eventarc.googleapis.com. Enabling now... 
[debug] [2024-12-23T03:53:45.945Z] Checked if tokens are valid: true, expires at: 1734927131257
[debug] [2024-12-23T03:53:45.945Z] Checked if tokens are valid: true, expires at: 1734927131257
[debug] [2024-12-23T03:53:45.946Z] >>> [apiv2][query] POST https://serviceusage.googleapis.com/v1/projects/ecom-firestore-11867/services/eventarc.googleapis.com:enable [none]
[debug] [2024-12-23T03:53:45.946Z] >>> [apiv2][(partial)header] POST https://serviceusage.googleapis.com/v1/projects/ecom-firestore-11867/services/eventarc.googleapis.com:enable x-goog-quota-user=projects/ecom-firestore-11867
[debug] [2024-12-23T03:53:45.949Z] <<< [apiv2][status] GET https://serviceusage.googleapis.com/v1/projects/ecom-firestore-11867/services/storage.googleapis.com 200
[debug] [2024-12-23T03:53:45.949Z] <<< [apiv2][body] GET https://serviceusage.googleapis.com/v1/projects/ecom-firestore-11867/services/storage.googleapis.com [omitted]
[info] +  functions: required API storage.googleapis.com is enabled 
[debug] [2024-12-23T03:53:45.964Z] <<< [apiv2][status] GET https://serviceusage.googleapis.com/v1/projects/ecom-firestore-11867/services/pubsub.googleapis.com 200
[debug] [2024-12-23T03:53:45.965Z] <<< [apiv2][body] GET https://serviceusage.googleapis.com/v1/projects/ecom-firestore-11867/services/pubsub.googleapis.com [omitted]
[info] +  functions: required API pubsub.googleapis.com is enabled 
[debug] [2024-12-23T03:53:46.504Z] <<< [apiv2][status] POST https://serviceusage.googleapis.com/v1/projects/ecom-firestore-11867/services/run.googleapis.com:enable 200
[debug] [2024-12-23T03:53:46.504Z] <<< [apiv2][body] POST https://serviceusage.googleapis.com/v1/projects/ecom-firestore-11867/services/run.googleapis.com:enable [omitted]
[debug] [2024-12-23T03:53:47.460Z] <<< [apiv2][status] POST https://serviceusage.googleapis.com/v1/projects/ecom-firestore-11867/services/eventarc.googleapis.com:enable 200
[debug] [2024-12-23T03:53:47.460Z] <<< [apiv2][body] POST https://serviceusage.googleapis.com/v1/projects/ecom-firestore-11867/services/eventarc.googleapis.com:enable [omitted]
[debug] [2024-12-23T03:53:56.515Z] Checked if tokens are valid: true, expires at: 1734927131257
[debug] [2024-12-23T03:53:56.515Z] Checked if tokens are valid: true, expires at: 1734927131257
[debug] [2024-12-23T03:53:56.516Z] >>> [apiv2][query] GET https://serviceusage.googleapis.com/v1/projects/ecom-firestore-11867/services/run.googleapis.com [none]
[debug] [2024-12-23T03:53:56.516Z] >>> [apiv2][(partial)header] GET https://serviceusage.googleapis.com/v1/projects/ecom-firestore-11867/services/run.googleapis.com x-goog-quota-user=projects/ecom-firestore-11867
[debug] [2024-12-23T03:53:57.461Z] Checked if tokens are valid: true, expires at: 1734927131257
[debug] [2024-12-23T03:53:57.461Z] Checked if tokens are valid: true, expires at: 1734927131257
[debug] [2024-12-23T03:53:57.461Z] >>> [apiv2][query] GET https://serviceusage.googleapis.com/v1/projects/ecom-firestore-11867/services/eventarc.googleapis.com [none]
[debug] [2024-12-23T03:53:57.462Z] >>> [apiv2][(partial)header] GET https://serviceusage.googleapis.com/v1/projects/ecom-firestore-11867/services/eventarc.googleapis.com x-goog-quota-user=projects/ecom-firestore-11867
[debug] [2024-12-23T03:53:57.913Z] <<< [apiv2][status] GET https://serviceusage.googleapis.com/v1/projects/ecom-firestore-11867/services/run.googleapis.com 200
[debug] [2024-12-23T03:53:57.914Z] <<< [apiv2][body] GET https://serviceusage.googleapis.com/v1/projects/ecom-firestore-11867/services/run.googleapis.com [omitted]
[info] +  functions: required API run.googleapis.com is enabled 
[debug] [2024-12-23T03:53:58.860Z] <<< [apiv2][status] GET https://serviceusage.googleapis.com/v1/projects/ecom-firestore-11867/services/eventarc.googleapis.com 200
[debug] [2024-12-23T03:53:58.860Z] <<< [apiv2][body] GET https://serviceusage.googleapis.com/v1/projects/ecom-firestore-11867/services/eventarc.googleapis.com [omitted]
[info] +  functions: required API eventarc.googleapis.com is enabled 
[info] i  functions: generating the service identity for pubsub.googleapis.com... 
[debug] [2024-12-23T03:53:58.863Z] Checked if tokens are valid: true, expires at: 1734927131257
[debug] [2024-12-23T03:53:58.864Z] Checked if tokens are valid: true, expires at: 1734927131257
[info] i  functions: generating the service identity for eventarc.googleapis.com... 
[debug] [2024-12-23T03:53:58.864Z] Checked if tokens are valid: true, expires at: 1734927131257
[debug] [2024-12-23T03:53:58.864Z] Checked if tokens are valid: true, expires at: 1734927131257
[debug] [2024-12-23T03:53:58.864Z] >>> [apiv2][query] POST https://serviceusage.googleapis.com/v1beta1/projects/700548026300/services/pubsub.googleapis.com:generateServiceIdentity [none]
[debug] [2024-12-23T03:53:58.865Z] >>> [apiv2][query] POST https://serviceusage.googleapis.com/v1beta1/projects/700548026300/services/eventarc.googleapis.com:generateServiceIdentity [none]
[debug] [2024-12-23T03:53:59.562Z] <<< [apiv2][status] POST https://serviceusage.googleapis.com/v1beta1/projects/700548026300/services/eventarc.googleapis.com:generateServiceIdentity 200
[debug] [2024-12-23T03:53:59.562Z] <<< [apiv2][body] POST https://serviceusage.googleapis.com/v1beta1/projects/700548026300/services/eventarc.googleapis.com:generateServiceIdentity {"name":"operations/finished.DONE_OPERATION","done":true,"response":{"@type":"type.googleapis.com/google.api.serviceusage.v1beta1.ServiceIdentity","email":"service-700548026300@gcp-sa-eventarc.iam.gserviceaccount.com","uniqueId":"104545618143421642911"}}
[debug] [2024-12-23T03:54:00.401Z] <<< [apiv2][status] POST https://serviceusage.googleapis.com/v1beta1/projects/700548026300/services/pubsub.googleapis.com:generateServiceIdentity 200
[debug] [2024-12-23T03:54:00.401Z] <<< [apiv2][body] POST https://serviceusage.googleapis.com/v1beta1/projects/700548026300/services/pubsub.googleapis.com:generateServiceIdentity {"name":"operations/finished.DONE_OPERATION","done":true,"response":{"@type":"type.googleapis.com/google.api.serviceusage.v1beta1.ServiceIdentity","email":"service-700548026300@gcp-sa-pubsub.iam.gserviceaccount.com","uniqueId":"113191960423916488220"}}
[debug] [2024-12-23T03:54:00.403Z] Checked if tokens are valid: true, expires at: 1734927131257
[debug] [2024-12-23T03:54:00.403Z] Checked if tokens are valid: true, expires at: 1734927131257
[debug] [2024-12-23T03:54:00.403Z] >>> [apiv2][query] POST https://cloudresourcemanager.googleapis.com/v1/projects/700548026300:getIamPolicy [none]
[debug] [2024-12-23T03:54:01.608Z] <<< [apiv2][status] POST https://cloudresourcemanager.googleapis.com/v1/projects/700548026300:getIamPolicy 200
[debug] [2024-12-23T03:54:01.609Z] <<< [apiv2][body] POST https://cloudresourcemanager.googleapis.com/v1/projects/700548026300:getIamPolicy {"version":1,"etag":"BwYp5/GxLpQ=","bindings":[{"role":"roles/cloudbuild.builds.builder","members":["serviceAccount:700548026300@cloudbuild.gserviceaccount.com"]},{"role":"roles/cloudbuild.serviceAgent","members":["serviceAccount:service-700548026300@gcp-sa-cloudbuild.iam.gserviceaccount.com"]},{"role":"roles/cloudfunctions.serviceAgent","members":["serviceAccount:service-700548026300@gcf-admin-robot.iam.gserviceaccount.com"]},{"role":"roles/containerregistry.ServiceAgent","members":["serviceAccount:service-700548026300@containerregistry.iam.gserviceaccount.com"]},{"role":"roles/editor","members":["serviceAccount:700548026300@cloudservices.gserviceaccount.com","serviceAccount:ecom-firestore-11867@appspot.gserviceaccount.com","serviceAccount:700548026300-compute@developer.gserviceaccount.com"]},{"role":"roles/firebase.managementServiceAgent","members":["serviceAccount:firebase-service-account@firebase-sa-management.iam.gserviceaccount.com","serviceAccount:service-700548026300@gcp-sa-firebase.iam.gserviceaccount.com"]},{"role":"roles/firebase.sdkAdminServiceAgent","members":["serviceAccount:firebase-adminsdk-c5mh4@ecom-firestore-11867.iam.gserviceaccount.com"]},{"role":"roles/firebaseauth.admin","members":["serviceAccount:firebase-adminsdk-c5mh4@ecom-firestore-11867.iam.gserviceaccount.com"]},{"role":"roles/firebasemods.serviceAgent","members":["serviceAccount:service-700548026300@gcp-sa-firebasemods.iam.gserviceaccount.com"]},{"role":"roles/firebaserules.system","members":["serviceAccount:service-700548026300@firebase-rules.iam.gserviceaccount.com"]},{"role":"roles/firestore.serviceAgent","members":["serviceAccount:service-700548026300@gcp-sa-firestore.iam.gserviceaccount.com"]},{"role":"roles/iam.serviceAccountTokenCreator","members":["serviceAccount:firebase-adminsdk-c5mh4@ecom-firestore-11867.iam.gserviceaccount.com"]},{"role":"roles/owner","members":["user:piyapat.pai420@gmail.com"]},{"role":"roles/run.serviceAgent","members":["serviceAccount:service-700548026300@serverless-robot-prod.iam.gserviceaccount.com"]}]}
[debug] [2024-12-23T03:54:01.609Z] Checked if tokens are valid: true, expires at: 1734927131257
[debug] [2024-12-23T03:54:01.609Z] Checked if tokens are valid: true, expires at: 1734927131257
[debug] [2024-12-23T03:54:01.609Z] >>> [apiv2][query] POST https://cloudresourcemanager.googleapis.com/v1/projects/700548026300:setIamPolicy [none]
[debug] [2024-12-23T03:54:01.609Z] >>> [apiv2][body] POST https://cloudresourcemanager.googleapis.com/v1/projects/700548026300:setIamPolicy {"policy":{"version":1,"etag":"BwYp5/GxLpQ=","bindings":[{"role":"roles/cloudbuild.builds.builder","members":["serviceAccount:700548026300@cloudbuild.gserviceaccount.com"]},{"role":"roles/cloudbuild.serviceAgent","members":["serviceAccount:service-700548026300@gcp-sa-cloudbuild.iam.gserviceaccount.com"]},{"role":"roles/cloudfunctions.serviceAgent","members":["serviceAccount:service-700548026300@gcf-admin-robot.iam.gserviceaccount.com"]},{"role":"roles/containerregistry.ServiceAgent","members":["serviceAccount:service-700548026300@containerregistry.iam.gserviceaccount.com"]},{"role":"roles/editor","members":["serviceAccount:700548026300@cloudservices.gserviceaccount.com","serviceAccount:ecom-firestore-11867@appspot.gserviceaccount.com","serviceAccount:700548026300-compute@developer.gserviceaccount.com"]},{"role":"roles/firebase.managementServiceAgent","members":["serviceAccount:firebase-service-account@firebase-sa-management.iam.gserviceaccount.com","serviceAccount:service-700548026300@gcp-sa-firebase.iam.gserviceaccount.com"]},{"role":"roles/firebase.sdkAdminServiceAgent","members":["serviceAccount:firebase-adminsdk-c5mh4@ecom-firestore-11867.iam.gserviceaccount.com"]},{"role":"roles/firebaseauth.admin","members":["serviceAccount:firebase-adminsdk-c5mh4@ecom-firestore-11867.iam.gserviceaccount.com"]},{"role":"roles/firebasemods.serviceAgent","members":["serviceAccount:service-700548026300@gcp-sa-firebasemods.iam.gserviceaccount.com"]},{"role":"roles/firebaserules.system","members":["serviceAccount:service-700548026300@firebase-rules.iam.gserviceaccount.com"]},{"role":"roles/firestore.serviceAgent","members":["serviceAccount:service-700548026300@gcp-sa-firestore.iam.gserviceaccount.com"]},{"role":"roles/iam.serviceAccountTokenCreator","members":["serviceAccount:firebase-adminsdk-c5mh4@ecom-firestore-11867.iam.gserviceaccount.com","serviceAccount:service-700548026300@gcp-sa-pubsub.iam.gserviceaccount.com"]},{"role":"roles/owner","members":["user:piyapat.pai420@gmail.com"]},{"role":"roles/run.serviceAgent","members":["serviceAccount:service-700548026300@serverless-robot-prod.iam.gserviceaccount.com"]},{"role":"roles/run.invoker","members":["serviceAccount:700548026300-compute@developer.gserviceaccount.com"]},{"role":"roles/eventarc.eventReceiver","members":["serviceAccount:700548026300-compute@developer.gserviceaccount.com"]}]},"updateMask":"bindings"}
[debug] [2024-12-23T03:54:02.680Z] <<< [apiv2][status] POST https://cloudresourcemanager.googleapis.com/v1/projects/700548026300:setIamPolicy 200
[debug] [2024-12-23T03:54:02.680Z] <<< [apiv2][body] POST https://cloudresourcemanager.googleapis.com/v1/projects/700548026300:setIamPolicy {"version":1,"etag":"BwYp5/J8NAo=","bindings":[{"role":"roles/cloudbuild.builds.builder","members":["serviceAccount:700548026300@cloudbuild.gserviceaccount.com"]},{"role":"roles/cloudbuild.serviceAgent","members":["serviceAccount:service-700548026300@gcp-sa-cloudbuild.iam.gserviceaccount.com"]},{"role":"roles/cloudfunctions.serviceAgent","members":["serviceAccount:service-700548026300@gcf-admin-robot.iam.gserviceaccount.com"]},{"role":"roles/containerregistry.ServiceAgent","members":["serviceAccount:service-700548026300@containerregistry.iam.gserviceaccount.com"]},{"role":"roles/editor","members":["serviceAccount:700548026300-compute@developer.gserviceaccount.com","serviceAccount:700548026300@cloudservices.gserviceaccount.com","serviceAccount:ecom-firestore-11867@appspot.gserviceaccount.com"]},{"role":"roles/eventarc.eventReceiver","members":["serviceAccount:700548026300-compute@developer.gserviceaccount.com"]},{"role":"roles/firebase.managementServiceAgent","members":["serviceAccount:firebase-service-account@firebase-sa-management.iam.gserviceaccount.com","serviceAccount:service-700548026300@gcp-sa-firebase.iam.gserviceaccount.com"]},{"role":"roles/firebase.sdkAdminServiceAgent","members":["serviceAccount:firebase-adminsdk-c5mh4@ecom-firestore-11867.iam.gserviceaccount.com"]},{"role":"roles/firebaseauth.admin","members":["serviceAccount:firebase-adminsdk-c5mh4@ecom-firestore-11867.iam.gserviceaccount.com"]},{"role":"roles/firebasemods.serviceAgent","members":["serviceAccount:service-700548026300@gcp-sa-firebasemods.iam.gserviceaccount.com"]},{"role":"roles/firebaserules.system","members":["serviceAccount:service-700548026300@firebase-rules.iam.gserviceaccount.com"]},{"role":"roles/firestore.serviceAgent","members":["serviceAccount:service-700548026300@gcp-sa-firestore.iam.gserviceaccount.com"]},{"role":"roles/iam.serviceAccountTokenCreator","members":["serviceAccount:firebase-adminsdk-c5mh4@ecom-firestore-11867.iam.gserviceaccount.com","serviceAccount:service-700548026300@gcp-sa-pubsub.iam.gserviceaccount.com"]},{"role":"roles/owner","members":["user:piyapat.pai420@gmail.com"]},{"role":"roles/run.invoker","members":["serviceAccount:700548026300-compute@developer.gserviceaccount.com"]},{"role":"roles/run.serviceAgent","members":["serviceAccount:service-700548026300@serverless-robot-prod.iam.gserviceaccount.com"]}]}
[debug] [2024-12-23T03:54:02.681Z] Checked if tokens are valid: true, expires at: 1734927131257
[debug] [2024-12-23T03:54:02.681Z] Checked if tokens are valid: true, expires at: 1734927131257
[debug] [2024-12-23T03:54:02.681Z] >>> [apiv2][query] GET https://cloudresourcemanager.googleapis.com/v1/projects/ecom-firestore-11867 [none]
[debug] [2024-12-23T03:54:02.988Z] <<< [apiv2][status] GET https://cloudresourcemanager.googleapis.com/v1/projects/ecom-firestore-11867 200
[debug] [2024-12-23T03:54:02.988Z] <<< [apiv2][body] GET https://cloudresourcemanager.googleapis.com/v1/projects/ecom-firestore-11867 {"projectNumber":"700548026300","projectId":"ecom-firestore-11867","lifecycleState":"ACTIVE","name":"ecom-firestore","labels":{"firebase":"enabled","firebase-core":"disabled"},"createTime":"2024-12-09T05:07:39.995833Z"}
[debug] [2024-12-23T03:54:02.990Z] Checked if tokens are valid: true, expires at: 1734927131257
[debug] [2024-12-23T03:54:02.990Z] Checked if tokens are valid: true, expires at: 1734927131257
[debug] [2024-12-23T03:54:02.990Z] >>> [apiv2][query] GET https://cloudbilling.googleapis.com/v1/projects/ecom-firestore-11867/billingInfo [none]
[debug] [2024-12-23T03:54:04.360Z] <<< [apiv2][status] GET https://cloudbilling.googleapis.com/v1/projects/ecom-firestore-11867/billingInfo 200
[debug] [2024-12-23T03:54:04.360Z] <<< [apiv2][body] GET https://cloudbilling.googleapis.com/v1/projects/ecom-firestore-11867/billingInfo {"name":"projects/ecom-firestore-11867/billingInfo","projectId":"ecom-firestore-11867","billingAccountName":"billingAccounts/012B7F-6969ED-2FB40C","billingEnabled":true}
[debug] [2024-12-23T03:54:04.362Z] [functions] found 1 new HTTP functions, testing setIamPolicy permission...
[debug] [2024-12-23T03:54:04.362Z] Checked if tokens are valid: true, expires at: 1734927131257
[debug] [2024-12-23T03:54:04.362Z] Checked if tokens are valid: true, expires at: 1734927131257
[debug] [2024-12-23T03:54:04.362Z] >>> [apiv2][query] POST https://cloudresourcemanager.googleapis.com/v1/projects/ecom-firestore-11867:testIamPermissions [none]
[debug] [2024-12-23T03:54:04.362Z] >>> [apiv2][(partial)header] POST https://cloudresourcemanager.googleapis.com/v1/projects/ecom-firestore-11867:testIamPermissions x-goog-quota-user=projects/ecom-firestore-11867
[debug] [2024-12-23T03:54:04.362Z] >>> [apiv2][body] POST https://cloudresourcemanager.googleapis.com/v1/projects/ecom-firestore-11867:testIamPermissions {"permissions":["cloudfunctions.functions.setIamPolicy"]}
[debug] [2024-12-23T03:54:04.580Z] <<< [apiv2][status] POST https://cloudresourcemanager.googleapis.com/v1/projects/ecom-firestore-11867:testIamPermissions 200
[debug] [2024-12-23T03:54:04.580Z] <<< [apiv2][body] POST https://cloudresourcemanager.googleapis.com/v1/projects/ecom-firestore-11867:testIamPermissions {"permissions":["cloudfunctions.functions.setIamPolicy"]}
[debug] [2024-12-23T03:54:04.580Z] [functions] found setIamPolicy permission, proceeding with deploy
[debug] [2024-12-23T03:54:04.581Z] Checked if tokens are valid: true, expires at: 1734927131257
[debug] [2024-12-23T03:54:04.581Z] Checked if tokens are valid: true, expires at: 1734927131257
[debug] [2024-12-23T03:54:04.581Z] >>> [apiv2][query] POST https://cloudfunctions.googleapis.com/v2/projects/ecom-firestore-11867/locations/us-central1/functions:generateUploadUrl [none]
[debug] [2024-12-23T03:54:06.936Z] <<< [apiv2][status] POST https://cloudfunctions.googleapis.com/v2/projects/ecom-firestore-11867/locations/us-central1/functions:generateUploadUrl 200
[debug] [2024-12-23T03:54:06.936Z] <<< [apiv2][body] POST https://cloudfunctions.googleapis.com/v2/projects/ecom-firestore-11867/locations/us-central1/functions:generateUploadUrl {"uploadUrl":"https://storage.googleapis.com/gcf-v2-uploads-700548026300.us-central1.cloudfunctions.appspot.com/7fc0f9ca-44a2-4089-9459-23dcbf1071ea.zip?GoogleAccessId=service-700548026300@gcf-admin-robot.iam.gserviceaccount.com&Expires=1734927846&Signature=e1dufs%2B%2FFzk63ZoXXVNKUIgF9vboLqnhL2wfsv9zwG4aThtsxB0ezoYmYNDGL%2F5jfXzpo4r05hQ2FwE5sE%2FHx%2BhKmxLaQGC2EzaxVW%2FPXUeu7y5zVZRUm7MahVF06G4t9RpAnRNug2vNhSOXEux%2FEoiadG9Ffr0uIDJHgF8CR0mTiz396PoN3F8JV84igR00vzDZu37bfrLzBNxM9eALQVXLcPY%2FEKxmHpSIlKnEKABa3zIB%2BlCqIFpfiGOQD00JgczIgR94wIFc4vblN69aA%2FeJY71Ma8%2Ba0dOFJLOJFoY914Fa%2B3aE1AGVSRgB9mRhuHbkAK2Me3jI2AijnN6MCQ%3D%3D","storageSource":{"bucket":"gcf-v2-uploads-700548026300.us-central1.cloudfunctions.appspot.com","object":"7fc0f9ca-44a2-4089-9459-23dcbf1071ea.zip"}}
[debug] [2024-12-23T03:54:06.937Z] >>> [apiv2][query] PUT https://storage.googleapis.com/gcf-v2-uploads-700548026300.us-central1.cloudfunctions.appspot.com/7fc0f9ca-44a2-4089-9459-23dcbf1071ea.zip GoogleAccessId=service-700548026300%40gcf-admin-robot.iam.gserviceaccount.com&Expires=1734927846&Signature=e1dufs%2B%2FFzk63ZoXXVNKUIgF9vboLqnhL2wfsv9zwG4aThtsxB0ezoYmYNDGL%2F5jfXzpo4r05hQ2FwE5sE%2FHx%2BhKmxLaQGC2EzaxVW%2FPXUeu7y5zVZRUm7MahVF06G4t9RpAnRNug2vNhSOXEux%2FEoiadG9Ffr0uIDJHgF8CR0mTiz396PoN3F8JV84igR00vzDZu37bfrLzBNxM9eALQVXLcPY%2FEKxmHpSIlKnEKABa3zIB%2BlCqIFpfiGOQD00JgczIgR94wIFc4vblN69aA%2FeJY71Ma8%2Ba0dOFJLOJFoY914Fa%2B3aE1AGVSRgB9mRhuHbkAK2Me3jI2AijnN6MCQ%3D%3D
[debug] [2024-12-23T03:54:06.937Z] >>> [apiv2][body] PUT https://storage.googleapis.com/gcf-v2-uploads-700548026300.us-central1.cloudfunctions.appspot.com/7fc0f9ca-44a2-4089-9459-23dcbf1071ea.zip [stream]
[debug] [2024-12-23T03:54:07.643Z] <<< [apiv2][status] PUT https://storage.googleapis.com/gcf-v2-uploads-700548026300.us-central1.cloudfunctions.appspot.com/7fc0f9ca-44a2-4089-9459-23dcbf1071ea.zip 200
[debug] [2024-12-23T03:54:07.643Z] <<< [apiv2][body] PUT https://storage.googleapis.com/gcf-v2-uploads-700548026300.us-central1.cloudfunctions.appspot.com/7fc0f9ca-44a2-4089-9459-23dcbf1071ea.zip [omitted]
[info] +  functions: functions folder uploaded successfully 
[info] i  functions: creating Node.js 22 (2nd Gen) function addmessage(us-central1)... 
[info] i  functions: creating Node.js 22 (2nd Gen) function makeuppercase(us-central1)... 
[debug] [2024-12-23T03:54:07.649Z] Checked if tokens are valid: true, expires at: 1734927131257
[debug] [2024-12-23T03:54:07.649Z] Checked if tokens are valid: true, expires at: 1734927131257
[debug] [2024-12-23T03:54:07.649Z] >>> [apiv2][query] POST https://cloudfunctions.googleapis.com/v2/projects/ecom-firestore-11867/locations/us-central1/functions functionId=addmessage
[debug] [2024-12-23T03:54:07.649Z] >>> [apiv2][body] POST https://cloudfunctions.googleapis.com/v2/projects/ecom-firestore-11867/locations/us-central1/functions {"name":"projects/ecom-firestore-11867/locations/us-central1/functions/addmessage","buildConfig":{"runtime":"nodejs22","entryPoint":"addmessage","source":{"storageSource":{"bucket":"gcf-v2-uploads-700548026300.us-central1.cloudfunctions.appspot.com","object":"7fc0f9ca-44a2-4089-9459-23dcbf1071ea.zip"}},"environmentVariables":{"GOOGLE_NODE_RUN_SCRIPTS":""}},"serviceConfig":{"environmentVariables":{"FIREBASE_CONFIG":"{\"projectId\":\"ecom-firestore-11867\",\"storageBucket\":\"ecom-firestore-11867.firebasestorage.app\"}","GCLOUD_PROJECT":"ecom-firestore-11867","EVENTARC_CLOUD_EVENT_SOURCE":"projects/ecom-firestore-11867/locations/us-central1/services/addmessage","FUNCTION_TARGET":"addmessage"},"ingressSettings":null,"timeoutSeconds":null,"serviceAccountEmail":null,"availableMemory":"256Mi","minInstanceCount":null,"maxInstanceCount":null,"maxInstanceRequestConcurrency":80,"availableCpu":"1","vpcConnector":null,"vpcConnectorEgressSettings":null},"labels":{"deployment-tool":"cli-firebase","firebase-functions-hash":"26b91d47af905517db3da251ac9cd3fd247064e1"}}
[debug] [2024-12-23T03:54:09.992Z] <<< [apiv2][status] POST https://cloudfunctions.googleapis.com/v2/projects/ecom-firestore-11867/locations/us-central1/functions 200
[debug] [2024-12-23T03:54:09.992Z] <<< [apiv2][body] POST https://cloudfunctions.googleapis.com/v2/projects/ecom-firestore-11867/locations/us-central1/functions {"name":"projects/ecom-firestore-11867/locations/us-central1/operations/operation-1734926048920-629e7f2db834c-8607b077-6b2e4c35","metadata":{"@type":"type.googleapis.com/google.cloud.functions.v2.OperationMetadata","createTime":"2024-12-23T03:54:09.987204604Z","target":"projects/ecom-firestore-11867/locations/us-central1/functions/addmessage","verb":"create","cancelRequested":false,"apiVersion":"v2"},"done":false}
[debug] [2024-12-23T03:54:09.992Z] Checked if tokens are valid: true, expires at: 1734927131257
[debug] [2024-12-23T03:54:09.992Z] Checked if tokens are valid: true, expires at: 1734927131257
[debug] [2024-12-23T03:54:09.993Z] >>> [apiv2][query] GET https://cloudfunctions.googleapis.com/v2/projects/ecom-firestore-11867/locations/us-central1/operations/operation-1734926048920-629e7f2db834c-8607b077-6b2e4c35 [none]
[debug] [2024-12-23T03:54:11.246Z] <<< [apiv2][status] GET https://cloudfunctions.googleapis.com/v2/projects/ecom-firestore-11867/locations/us-central1/operations/operation-1734926048920-629e7f2db834c-8607b077-6b2e4c35 200
[debug] [2024-12-23T03:54:11.246Z] <<< [apiv2][body] GET https://cloudfunctions.googleapis.com/v2/projects/ecom-firestore-11867/locations/us-central1/operations/operation-1734926048920-629e7f2db834c-8607b077-6b2e4c35 {"name":"projects/ecom-firestore-11867/locations/us-central1/operations/operation-1734926048920-629e7f2db834c-8607b077-6b2e4c35","metadata":{"@type":"type.googleapis.com/google.cloud.functions.v2.OperationMetadata","createTime":"2024-12-23T03:54:09.987204604Z","target":"projects/ecom-firestore-11867/locations/us-central1/functions/addmessage","verb":"create","cancelRequested":false,"apiVersion":"v2","requestResource":{"@type":"type.googleapis.com/google.cloud.functions.v2.Function","name":"projects/ecom-firestore-11867/locations/us-central1/functions/addmessage","buildConfig":{"runtime":"nodejs22","entryPoint":"addmessage","source":{"storageSource":{"bucket":"gcf-v2-sources-700548026300-us-central1","object":"addmessage/function-source.zip","generation":"1734926049726207"}},"environmentVariables":{"GOOGLE_NODE_RUN_SCRIPTS":""},"serviceAccount":"projects/ecom-firestore-11867/serviceAccounts/700548026300-compute@developer.gserviceaccount.com","automaticUpdatePolicy":{}},"serviceConfig":{"service":"projects/ecom-firestore-11867/locations/us-central1/services/addmessage","timeoutSeconds":60,"environmentVariables":{"FIREBASE_CONFIG":"{\"projectId\":\"ecom-firestore-11867\",\"storageBucket\":\"ecom-firestore-11867.firebasestorage.app\"}","GCLOUD_PROJECT":"ecom-firestore-11867","EVENTARC_CLOUD_EVENT_SOURCE":"projects/ecom-firestore-11867/locations/us-central1/services/addmessage","FUNCTION_TARGET":"addmessage","LOG_EXECUTION_ID":"true"},"ingressSettings":"ALLOW_ALL","serviceAccountEmail":"700548026300-compute@developer.gserviceaccount.com","availableMemory":"256Mi","maxInstanceRequestConcurrency":80,"availableCpu":"1"},"labels":{"deployment-tool":"cli-firebase","firebase-functions-hash":"26b91d47af905517db3da251ac9cd3fd247064e1"},"environment":"GEN_2"},"stages":[{"name":"BUILD","state":"NOT_STARTED"},{"name":"SERVICE","state":"NOT_STARTED"}],"operationType":"CREATE_FUNCTION"},"done":false}
[debug] [2024-12-23T03:54:11.748Z] [create-default-us-central1-addmessage] Retrying task index 0
[debug] [2024-12-23T03:54:11.748Z] Checked if tokens are valid: true, expires at: 1734927131257
[debug] [2024-12-23T03:54:11.748Z] Checked if tokens are valid: true, expires at: 1734927131257
[debug] [2024-12-23T03:54:11.748Z] >>> [apiv2][query] GET https://cloudfunctions.googleapis.com/v2/projects/ecom-firestore-11867/locations/us-central1/operations/operation-1734926048920-629e7f2db834c-8607b077-6b2e4c35 [none]
[debug] [2024-12-23T03:54:13.038Z] <<< [apiv2][status] GET https://cloudfunctions.googleapis.com/v2/projects/ecom-firestore-11867/locations/us-central1/operations/operation-1734926048920-629e7f2db834c-8607b077-6b2e4c35 200
[debug] [2024-12-23T03:54:13.038Z] <<< [apiv2][body] GET https://cloudfunctions.googleapis.com/v2/projects/ecom-firestore-11867/locations/us-central1/operations/operation-1734926048920-629e7f2db834c-8607b077-6b2e4c35 {"name":"projects/ecom-firestore-11867/locations/us-central1/operations/operation-1734926048920-629e7f2db834c-8607b077-6b2e4c35","metadata":{"@type":"type.googleapis.com/google.cloud.functions.v2.OperationMetadata","createTime":"2024-12-23T03:54:09.987204604Z","target":"projects/ecom-firestore-11867/locations/us-central1/functions/addmessage","verb":"create","cancelRequested":false,"apiVersion":"v2","requestResource":{"@type":"type.googleapis.com/google.cloud.functions.v2.Function","name":"projects/ecom-firestore-11867/locations/us-central1/functions/addmessage","buildConfig":{"runtime":"nodejs22","entryPoint":"addmessage","source":{"storageSource":{"bucket":"gcf-v2-sources-700548026300-us-central1","object":"addmessage/function-source.zip","generation":"1734926049726207"}},"environmentVariables":{"GOOGLE_NODE_RUN_SCRIPTS":""},"serviceAccount":"projects/ecom-firestore-11867/serviceAccounts/700548026300-compute@developer.gserviceaccount.com","automaticUpdatePolicy":{}},"serviceConfig":{"service":"projects/ecom-firestore-11867/locations/us-central1/services/addmessage","timeoutSeconds":60,"environmentVariables":{"FIREBASE_CONFIG":"{\"projectId\":\"ecom-firestore-11867\",\"storageBucket\":\"ecom-firestore-11867.firebasestorage.app\"}","GCLOUD_PROJECT":"ecom-firestore-11867","EVENTARC_CLOUD_EVENT_SOURCE":"projects/ecom-firestore-11867/locations/us-central1/services/addmessage","FUNCTION_TARGET":"addmessage","LOG_EXECUTION_ID":"true"},"ingressSettings":"ALLOW_ALL","serviceAccountEmail":"700548026300-compute@developer.gserviceaccount.com","availableMemory":"256Mi","maxInstanceRequestConcurrency":80,"availableCpu":"1"},"labels":{"deployment-tool":"cli-firebase","firebase-functions-hash":"26b91d47af905517db3da251ac9cd3fd247064e1"},"environment":"GEN_2"},"stages":[{"name":"BUILD","state":"NOT_STARTED"},{"name":"SERVICE","state":"NOT_STARTED"}],"operationType":"CREATE_FUNCTION"},"done":false}
[debug] [2024-12-23T03:54:14.042Z] [create-default-us-central1-addmessage] Retrying task index 0
[debug] [2024-12-23T03:54:14.042Z] Checked if tokens are valid: true, expires at: 1734927131257
[debug] [2024-12-23T03:54:14.042Z] Checked if tokens are valid: true, expires at: 1734927131257
[debug] [2024-12-23T03:54:14.042Z] >>> [apiv2][query] GET https://cloudfunctions.googleapis.com/v2/projects/ecom-firestore-11867/locations/us-central1/operations/operation-1734926048920-629e7f2db834c-8607b077-6b2e4c35 [none]
[debug] [2024-12-23T03:54:15.299Z] <<< [apiv2][status] GET https://cloudfunctions.googleapis.com/v2/projects/ecom-firestore-11867/locations/us-central1/operations/operation-1734926048920-629e7f2db834c-8607b077-6b2e4c35 200
[debug] [2024-12-23T03:54:15.299Z] <<< [apiv2][body] GET https://cloudfunctions.googleapis.com/v2/projects/ecom-firestore-11867/locations/us-central1/operations/operation-1734926048920-629e7f2db834c-8607b077-6b2e4c35 {"name":"projects/ecom-firestore-11867/locations/us-central1/operations/operation-1734926048920-629e7f2db834c-8607b077-6b2e4c35","metadata":{"@type":"type.googleapis.com/google.cloud.functions.v2.OperationMetadata","createTime":"2024-12-23T03:54:09.987204604Z","target":"projects/ecom-firestore-11867/locations/us-central1/functions/addmessage","verb":"create","cancelRequested":false,"apiVersion":"v2","requestResource":{"@type":"type.googleapis.com/google.cloud.functions.v2.Function","name":"projects/ecom-firestore-11867/locations/us-central1/functions/addmessage","buildConfig":{"runtime":"nodejs22","entryPoint":"addmessage","source":{"storageSource":{"bucket":"gcf-v2-sources-700548026300-us-central1","object":"addmessage/function-source.zip","generation":"1734926049726207"}},"environmentVariables":{"GOOGLE_NODE_RUN_SCRIPTS":""},"serviceAccount":"projects/ecom-firestore-11867/serviceAccounts/700548026300-compute@developer.gserviceaccount.com","automaticUpdatePolicy":{}},"serviceConfig":{"service":"projects/ecom-firestore-11867/locations/us-central1/services/addmessage","timeoutSeconds":60,"environmentVariables":{"FIREBASE_CONFIG":"{\"projectId\":\"ecom-firestore-11867\",\"storageBucket\":\"ecom-firestore-11867.firebasestorage.app\"}","GCLOUD_PROJECT":"ecom-firestore-11867","EVENTARC_CLOUD_EVENT_SOURCE":"projects/ecom-firestore-11867/locations/us-central1/services/addmessage","FUNCTION_TARGET":"addmessage","LOG_EXECUTION_ID":"true"},"ingressSettings":"ALLOW_ALL","serviceAccountEmail":"700548026300-compute@developer.gserviceaccount.com","availableMemory":"256Mi","maxInstanceRequestConcurrency":80,"availableCpu":"1"},"labels":{"deployment-tool":"cli-firebase","firebase-functions-hash":"26b91d47af905517db3da251ac9cd3fd247064e1"},"environment":"GEN_2"},"stages":[{"name":"BUILD","state":"NOT_STARTED"},{"name":"SERVICE","state":"NOT_STARTED"}],"operationType":"CREATE_FUNCTION"},"done":false}
[debug] [2024-12-23T03:54:17.305Z] [create-default-us-central1-addmessage] Retrying task index 0
[debug] [2024-12-23T03:54:17.306Z] Checked if tokens are valid: true, expires at: 1734927131257
[debug] [2024-12-23T03:54:17.306Z] Checked if tokens are valid: true, expires at: 1734927131257
[debug] [2024-12-23T03:54:17.306Z] >>> [apiv2][query] GET https://cloudfunctions.googleapis.com/v2/projects/ecom-firestore-11867/locations/us-central1/operations/operation-1734926048920-629e7f2db834c-8607b077-6b2e4c35 [none]
[debug] [2024-12-23T03:54:17.774Z] <<< [apiv2][status] GET https://cloudfunctions.googleapis.com/v2/projects/ecom-firestore-11867/locations/us-central1/operations/operation-1734926048920-629e7f2db834c-8607b077-6b2e4c35 200
[debug] [2024-12-23T03:54:17.774Z] <<< [apiv2][body] GET https://cloudfunctions.googleapis.com/v2/projects/ecom-firestore-11867/locations/us-central1/operations/operation-1734926048920-629e7f2db834c-8607b077-6b2e4c35 {"name":"projects/ecom-firestore-11867/locations/us-central1/operations/operation-1734926048920-629e7f2db834c-8607b077-6b2e4c35","metadata":{"@type":"type.googleapis.com/google.cloud.functions.v2.OperationMetadata","createTime":"2024-12-23T03:54:09.987204604Z","target":"projects/ecom-firestore-11867/locations/us-central1/functions/addmessage","verb":"create","cancelRequested":false,"apiVersion":"v2","requestResource":{"@type":"type.googleapis.com/google.cloud.functions.v2.Function","name":"projects/ecom-firestore-11867/locations/us-central1/functions/addmessage","buildConfig":{"runtime":"nodejs22","entryPoint":"addmessage","source":{"storageSource":{"bucket":"gcf-v2-sources-700548026300-us-central1","object":"addmessage/function-source.zip","generation":"1734926049726207"}},"environmentVariables":{"GOOGLE_NODE_RUN_SCRIPTS":""},"serviceAccount":"projects/ecom-firestore-11867/serviceAccounts/700548026300-compute@developer.gserviceaccount.com","automaticUpdatePolicy":{}},"serviceConfig":{"service":"projects/ecom-firestore-11867/locations/us-central1/services/addmessage","timeoutSeconds":60,"environmentVariables":{"FIREBASE_CONFIG":"{\"projectId\":\"ecom-firestore-11867\",\"storageBucket\":\"ecom-firestore-11867.firebasestorage.app\"}","GCLOUD_PROJECT":"ecom-firestore-11867","EVENTARC_CLOUD_EVENT_SOURCE":"projects/ecom-firestore-11867/locations/us-central1/services/addmessage","FUNCTION_TARGET":"addmessage","LOG_EXECUTION_ID":"true"},"ingressSettings":"ALLOW_ALL","serviceAccountEmail":"700548026300-compute@developer.gserviceaccount.com","availableMemory":"256Mi","maxInstanceRequestConcurrency":80,"availableCpu":"1"},"labels":{"deployment-tool":"cli-firebase","firebase-functions-hash":"26b91d47af905517db3da251ac9cd3fd247064e1"},"environment":"GEN_2"},"stages":[{"name":"BUILD","state":"NOT_STARTED"},{"name":"SERVICE","state":"NOT_STARTED"}],"operationType":"CREATE_FUNCTION"},"done":false}
[debug] [2024-12-23T03:54:21.785Z] [create-default-us-central1-addmessage] Retrying task index 0
[debug] [2024-12-23T03:54:21.786Z] Checked if tokens are valid: true, expires at: 1734927131257
[debug] [2024-12-23T03:54:21.786Z] Checked if tokens are valid: true, expires at: 1734927131257
[debug] [2024-12-23T03:54:21.787Z] >>> [apiv2][query] GET https://cloudfunctions.googleapis.com/v2/projects/ecom-firestore-11867/locations/us-central1/operations/operation-1734926048920-629e7f2db834c-8607b077-6b2e4c35 [none]
[debug] [2024-12-23T03:54:23.096Z] <<< [apiv2][status] GET https://cloudfunctions.googleapis.com/v2/projects/ecom-firestore-11867/locations/us-central1/operations/operation-1734926048920-629e7f2db834c-8607b077-6b2e4c35 200
[debug] [2024-12-23T03:54:23.096Z] <<< [apiv2][body] GET https://cloudfunctions.googleapis.com/v2/projects/ecom-firestore-11867/locations/us-central1/operations/operation-1734926048920-629e7f2db834c-8607b077-6b2e4c35 {"name":"projects/ecom-firestore-11867/locations/us-central1/operations/operation-1734926048920-629e7f2db834c-8607b077-6b2e4c35","metadata":{"@type":"type.googleapis.com/google.cloud.functions.v2.OperationMetadata","createTime":"2024-12-23T03:54:09.987204604Z","target":"projects/ecom-firestore-11867/locations/us-central1/functions/addmessage","verb":"create","cancelRequested":false,"apiVersion":"v2","requestResource":{"@type":"type.googleapis.com/google.cloud.functions.v2.Function","name":"projects/ecom-firestore-11867/locations/us-central1/functions/addmessage","buildConfig":{"runtime":"nodejs22","entryPoint":"addmessage","source":{"storageSource":{"bucket":"gcf-v2-sources-700548026300-us-central1","object":"addmessage/function-source.zip","generation":"1734926049726207"}},"environmentVariables":{"GOOGLE_NODE_RUN_SCRIPTS":""},"serviceAccount":"projects/ecom-firestore-11867/serviceAccounts/700548026300-compute@developer.gserviceaccount.com","automaticUpdatePolicy":{}},"serviceConfig":{"service":"projects/ecom-firestore-11867/locations/us-central1/services/addmessage","timeoutSeconds":60,"environmentVariables":{"FIREBASE_CONFIG":"{\"projectId\":\"ecom-firestore-11867\",\"storageBucket\":\"ecom-firestore-11867.firebasestorage.app\"}","GCLOUD_PROJECT":"ecom-firestore-11867","EVENTARC_CLOUD_EVENT_SOURCE":"projects/ecom-firestore-11867/locations/us-central1/services/addmessage","FUNCTION_TARGET":"addmessage","LOG_EXECUTION_ID":"true"},"ingressSettings":"ALLOW_ALL","serviceAccountEmail":"700548026300-compute@developer.gserviceaccount.com","availableMemory":"256Mi","maxInstanceRequestConcurrency":80,"availableCpu":"1"},"labels":{"deployment-tool":"cli-firebase","firebase-functions-hash":"26b91d47af905517db3da251ac9cd3fd247064e1"},"environment":"GEN_2"},"stages":[{"name":"BUILD","message":"Build in progress","state":"IN_PROGRESS","resource":"projects/700548026300/locations/us-central1/builds/de66b4ad-1185-4686-aa0d-958ad6a9b466","resourceUri":"https://console.cloud.google.com/cloud-build/builds;region=us-central1/de66b4ad-1185-4686-aa0d-958ad6a9b466?project=700548026300"},{"name":"SERVICE","state":"NOT_STARTED"}],"operationType":"CREATE_FUNCTION","buildName":"projects/700548026300/locations/us-central1/builds/de66b4ad-1185-4686-aa0d-958ad6a9b466"},"done":false}
[debug] [2024-12-23T03:54:31.109Z] [create-default-us-central1-addmessage] Retrying task index 0
[debug] [2024-12-23T03:54:31.110Z] Checked if tokens are valid: true, expires at: 1734927131257
[debug] [2024-12-23T03:54:31.110Z] Checked if tokens are valid: true, expires at: 1734927131257
[debug] [2024-12-23T03:54:31.110Z] >>> [apiv2][query] GET https://cloudfunctions.googleapis.com/v2/projects/ecom-firestore-11867/locations/us-central1/operations/operation-1734926048920-629e7f2db834c-8607b077-6b2e4c35 [none]
[debug] [2024-12-23T03:54:32.473Z] <<< [apiv2][status] GET https://cloudfunctions.googleapis.com/v2/projects/ecom-firestore-11867/locations/us-central1/operations/operation-1734926048920-629e7f2db834c-8607b077-6b2e4c35 200
[debug] [2024-12-23T03:54:32.473Z] <<< [apiv2][body] GET https://cloudfunctions.googleapis.com/v2/projects/ecom-firestore-11867/locations/us-central1/operations/operation-1734926048920-629e7f2db834c-8607b077-6b2e4c35 {"name":"projects/ecom-firestore-11867/locations/us-central1/operations/operation-1734926048920-629e7f2db834c-8607b077-6b2e4c35","metadata":{"@type":"type.googleapis.com/google.cloud.functions.v2.OperationMetadata","createTime":"2024-12-23T03:54:09.987204604Z","target":"projects/ecom-firestore-11867/locations/us-central1/functions/addmessage","verb":"create","cancelRequested":false,"apiVersion":"v2","requestResource":{"@type":"type.googleapis.com/google.cloud.functions.v2.Function","name":"projects/ecom-firestore-11867/locations/us-central1/functions/addmessage","buildConfig":{"runtime":"nodejs22","entryPoint":"addmessage","source":{"storageSource":{"bucket":"gcf-v2-sources-700548026300-us-central1","object":"addmessage/function-source.zip","generation":"1734926049726207"}},"environmentVariables":{"GOOGLE_NODE_RUN_SCRIPTS":""},"serviceAccount":"projects/ecom-firestore-11867/serviceAccounts/700548026300-compute@developer.gserviceaccount.com","automaticUpdatePolicy":{}},"serviceConfig":{"service":"projects/ecom-firestore-11867/locations/us-central1/services/addmessage","timeoutSeconds":60,"environmentVariables":{"FIREBASE_CONFIG":"{\"projectId\":\"ecom-firestore-11867\",\"storageBucket\":\"ecom-firestore-11867.firebasestorage.app\"}","GCLOUD_PROJECT":"ecom-firestore-11867","EVENTARC_CLOUD_EVENT_SOURCE":"projects/ecom-firestore-11867/locations/us-central1/services/addmessage","FUNCTION_TARGET":"addmessage","LOG_EXECUTION_ID":"true"},"ingressSettings":"ALLOW_ALL","serviceAccountEmail":"700548026300-compute@developer.gserviceaccount.com","availableMemory":"256Mi","maxInstanceRequestConcurrency":80,"availableCpu":"1"},"labels":{"deployment-tool":"cli-firebase","firebase-functions-hash":"26b91d47af905517db3da251ac9cd3fd247064e1"},"environment":"GEN_2"},"stages":[{"name":"BUILD","message":"Build in progress","state":"IN_PROGRESS","resource":"projects/700548026300/locations/us-central1/builds/de66b4ad-1185-4686-aa0d-958ad6a9b466","resourceUri":"https://console.cloud.google.com/cloud-build/builds;region=us-central1/de66b4ad-1185-4686-aa0d-958ad6a9b466?project=700548026300"},{"name":"SERVICE","state":"NOT_STARTED"}],"operationType":"CREATE_FUNCTION","buildName":"projects/700548026300/locations/us-central1/builds/de66b4ad-1185-4686-aa0d-958ad6a9b466"},"done":false}
[debug] [2024-12-23T03:54:42.481Z] [create-default-us-central1-addmessage] Retrying task index 0
[debug] [2024-12-23T03:54:42.481Z] Checked if tokens are valid: true, expires at: 1734927131257
[debug] [2024-12-23T03:54:42.481Z] Checked if tokens are valid: true, expires at: 1734927131257
[debug] [2024-12-23T03:54:42.481Z] >>> [apiv2][query] GET https://cloudfunctions.googleapis.com/v2/projects/ecom-firestore-11867/locations/us-central1/operations/operation-1734926048920-629e7f2db834c-8607b077-6b2e4c35 [none]
[debug] [2024-12-23T03:54:43.847Z] <<< [apiv2][status] GET https://cloudfunctions.googleapis.com/v2/projects/ecom-firestore-11867/locations/us-central1/operations/operation-1734926048920-629e7f2db834c-8607b077-6b2e4c35 200
[debug] [2024-12-23T03:54:43.847Z] <<< [apiv2][body] GET https://cloudfunctions.googleapis.com/v2/projects/ecom-firestore-11867/locations/us-central1/operations/operation-1734926048920-629e7f2db834c-8607b077-6b2e4c35 {"name":"projects/ecom-firestore-11867/locations/us-central1/operations/operation-1734926048920-629e7f2db834c-8607b077-6b2e4c35","metadata":{"@type":"type.googleapis.com/google.cloud.functions.v2.OperationMetadata","createTime":"2024-12-23T03:54:09.987204604Z","target":"projects/ecom-firestore-11867/locations/us-central1/functions/addmessage","verb":"create","cancelRequested":false,"apiVersion":"v2","requestResource":{"@type":"type.googleapis.com/google.cloud.functions.v2.Function","name":"projects/ecom-firestore-11867/locations/us-central1/functions/addmessage","buildConfig":{"runtime":"nodejs22","entryPoint":"addmessage","source":{"storageSource":{"bucket":"gcf-v2-sources-700548026300-us-central1","object":"addmessage/function-source.zip","generation":"1734926049726207"}},"environmentVariables":{"GOOGLE_NODE_RUN_SCRIPTS":""},"serviceAccount":"projects/ecom-firestore-11867/serviceAccounts/700548026300-compute@developer.gserviceaccount.com","automaticUpdatePolicy":{}},"serviceConfig":{"service":"projects/ecom-firestore-11867/locations/us-central1/services/addmessage","timeoutSeconds":60,"environmentVariables":{"FIREBASE_CONFIG":"{\"projectId\":\"ecom-firestore-11867\",\"storageBucket\":\"ecom-firestore-11867.firebasestorage.app\"}","GCLOUD_PROJECT":"ecom-firestore-11867","EVENTARC_CLOUD_EVENT_SOURCE":"projects/ecom-firestore-11867/locations/us-central1/services/addmessage","FUNCTION_TARGET":"addmessage","LOG_EXECUTION_ID":"true"},"ingressSettings":"ALLOW_ALL","serviceAccountEmail":"700548026300-compute@developer.gserviceaccount.com","availableMemory":"256Mi","maxInstanceRequestConcurrency":80,"availableCpu":"1"},"labels":{"deployment-tool":"cli-firebase","firebase-functions-hash":"26b91d47af905517db3da251ac9cd3fd247064e1"},"environment":"GEN_2"},"stages":[{"name":"BUILD","message":"Build in progress","state":"IN_PROGRESS","resource":"projects/700548026300/locations/us-central1/builds/de66b4ad-1185-4686-aa0d-958ad6a9b466","resourceUri":"https://console.cloud.google.com/cloud-build/builds;region=us-central1/de66b4ad-1185-4686-aa0d-958ad6a9b466?project=700548026300"},{"name":"SERVICE","state":"NOT_STARTED"}],"operationType":"CREATE_FUNCTION","buildName":"projects/700548026300/locations/us-central1/builds/de66b4ad-1185-4686-aa0d-958ad6a9b466"},"done":false}
[debug] [2024-12-23T03:54:53.855Z] [create-default-us-central1-addmessage] Retrying task index 0
[debug] [2024-12-23T03:54:53.856Z] Checked if tokens are valid: true, expires at: 1734927131257
[debug] [2024-12-23T03:54:53.856Z] Checked if tokens are valid: true, expires at: 1734927131257
[debug] [2024-12-23T03:54:53.856Z] >>> [apiv2][query] GET https://cloudfunctions.googleapis.com/v2/projects/ecom-firestore-11867/locations/us-central1/operations/operation-1734926048920-629e7f2db834c-8607b077-6b2e4c35 [none]
[debug] [2024-12-23T03:54:55.168Z] <<< [apiv2][status] GET https://cloudfunctions.googleapis.com/v2/projects/ecom-firestore-11867/locations/us-central1/operations/operation-1734926048920-629e7f2db834c-8607b077-6b2e4c35 200
[debug] [2024-12-23T03:54:55.168Z] <<< [apiv2][body] GET https://cloudfunctions.googleapis.com/v2/projects/ecom-firestore-11867/locations/us-central1/operations/operation-1734926048920-629e7f2db834c-8607b077-6b2e4c35 {"name":"projects/ecom-firestore-11867/locations/us-central1/operations/operation-1734926048920-629e7f2db834c-8607b077-6b2e4c35","metadata":{"@type":"type.googleapis.com/google.cloud.functions.v2.OperationMetadata","createTime":"2024-12-23T03:54:09.987204604Z","target":"projects/ecom-firestore-11867/locations/us-central1/functions/addmessage","verb":"create","cancelRequested":false,"apiVersion":"v2","requestResource":{"@type":"type.googleapis.com/google.cloud.functions.v2.Function","name":"projects/ecom-firestore-11867/locations/us-central1/functions/addmessage","buildConfig":{"runtime":"nodejs22","entryPoint":"addmessage","source":{"storageSource":{"bucket":"gcf-v2-sources-700548026300-us-central1","object":"addmessage/function-source.zip","generation":"1734926049726207"}},"environmentVariables":{"GOOGLE_NODE_RUN_SCRIPTS":""},"serviceAccount":"projects/ecom-firestore-11867/serviceAccounts/700548026300-compute@developer.gserviceaccount.com","automaticUpdatePolicy":{}},"serviceConfig":{"service":"projects/ecom-firestore-11867/locations/us-central1/services/addmessage","timeoutSeconds":60,"environmentVariables":{"FIREBASE_CONFIG":"{\"projectId\":\"ecom-firestore-11867\",\"storageBucket\":\"ecom-firestore-11867.firebasestorage.app\"}","GCLOUD_PROJECT":"ecom-firestore-11867","EVENTARC_CLOUD_EVENT_SOURCE":"projects/ecom-firestore-11867/locations/us-central1/services/addmessage","FUNCTION_TARGET":"addmessage","LOG_EXECUTION_ID":"true"},"ingressSettings":"ALLOW_ALL","serviceAccountEmail":"700548026300-compute@developer.gserviceaccount.com","availableMemory":"256Mi","maxInstanceRequestConcurrency":80,"availableCpu":"1"},"labels":{"deployment-tool":"cli-firebase","firebase-functions-hash":"26b91d47af905517db3da251ac9cd3fd247064e1"},"environment":"GEN_2"},"stages":[{"name":"BUILD","message":"Build in progress","state":"IN_PROGRESS","resource":"projects/700548026300/locations/us-central1/builds/de66b4ad-1185-4686-aa0d-958ad6a9b466","resourceUri":"https://console.cloud.google.com/cloud-build/builds;region=us-central1/de66b4ad-1185-4686-aa0d-958ad6a9b466?project=700548026300"},{"name":"SERVICE","state":"NOT_STARTED"}],"operationType":"CREATE_FUNCTION","buildName":"projects/700548026300/locations/us-central1/builds/de66b4ad-1185-4686-aa0d-958ad6a9b466"},"done":false}
[debug] [2024-12-23T03:55:05.178Z] [create-default-us-central1-addmessage] Retrying task index 0
[debug] [2024-12-23T03:55:05.178Z] Checked if tokens are valid: true, expires at: 1734927131257
[debug] [2024-12-23T03:55:05.178Z] Checked if tokens are valid: true, expires at: 1734927131257
[debug] [2024-12-23T03:55:05.178Z] >>> [apiv2][query] GET https://cloudfunctions.googleapis.com/v2/projects/ecom-firestore-11867/locations/us-central1/operations/operation-1734926048920-629e7f2db834c-8607b077-6b2e4c35 [none]
[debug] [2024-12-23T03:55:06.534Z] <<< [apiv2][status] GET https://cloudfunctions.googleapis.com/v2/projects/ecom-firestore-11867/locations/us-central1/operations/operation-1734926048920-629e7f2db834c-8607b077-6b2e4c35 200
[debug] [2024-12-23T03:55:06.535Z] <<< [apiv2][body] GET https://cloudfunctions.googleapis.com/v2/projects/ecom-firestore-11867/locations/us-central1/operations/operation-1734926048920-629e7f2db834c-8607b077-6b2e4c35 {"name":"projects/ecom-firestore-11867/locations/us-central1/operations/operation-1734926048920-629e7f2db834c-8607b077-6b2e4c35","metadata":{"@type":"type.googleapis.com/google.cloud.functions.v2.OperationMetadata","createTime":"2024-12-23T03:54:09.987204604Z","target":"projects/ecom-firestore-11867/locations/us-central1/functions/addmessage","verb":"create","cancelRequested":false,"apiVersion":"v2","requestResource":{"@type":"type.googleapis.com/google.cloud.functions.v2.Function","name":"projects/ecom-firestore-11867/locations/us-central1/functions/addmessage","buildConfig":{"runtime":"nodejs22","entryPoint":"addmessage","source":{"storageSource":{"bucket":"gcf-v2-sources-700548026300-us-central1","object":"addmessage/function-source.zip","generation":"1734926049726207"}},"environmentVariables":{"GOOGLE_NODE_RUN_SCRIPTS":""},"serviceAccount":"projects/ecom-firestore-11867/serviceAccounts/700548026300-compute@developer.gserviceaccount.com","automaticUpdatePolicy":{}},"serviceConfig":{"service":"projects/ecom-firestore-11867/locations/us-central1/services/addmessage","timeoutSeconds":60,"environmentVariables":{"FIREBASE_CONFIG":"{\"projectId\":\"ecom-firestore-11867\",\"storageBucket\":\"ecom-firestore-11867.firebasestorage.app\"}","GCLOUD_PROJECT":"ecom-firestore-11867","EVENTARC_CLOUD_EVENT_SOURCE":"projects/ecom-firestore-11867/locations/us-central1/services/addmessage","FUNCTION_TARGET":"addmessage","LOG_EXECUTION_ID":"true"},"ingressSettings":"ALLOW_ALL","serviceAccountEmail":"700548026300-compute@developer.gserviceaccount.com","availableMemory":"256Mi","maxInstanceRequestConcurrency":80,"availableCpu":"1"},"labels":{"deployment-tool":"cli-firebase","firebase-functions-hash":"26b91d47af905517db3da251ac9cd3fd247064e1"},"environment":"GEN_2"},"stages":[{"name":"BUILD","message":"Build in progress","state":"IN_PROGRESS","resource":"projects/700548026300/locations/us-central1/builds/de66b4ad-1185-4686-aa0d-958ad6a9b466","resourceUri":"https://console.cloud.google.com/cloud-build/builds;region=us-central1/de66b4ad-1185-4686-aa0d-958ad6a9b466?project=700548026300"},{"name":"SERVICE","state":"NOT_STARTED"}],"operationType":"CREATE_FUNCTION","buildName":"projects/700548026300/locations/us-central1/builds/de66b4ad-1185-4686-aa0d-958ad6a9b466"},"done":false}
[debug] [2024-12-23T03:55:16.544Z] [create-default-us-central1-addmessage] Retrying task index 0
[debug] [2024-12-23T03:55:16.544Z] Checked if tokens are valid: true, expires at: 1734927131257
[debug] [2024-12-23T03:55:16.544Z] Checked if tokens are valid: true, expires at: 1734927131257
[debug] [2024-12-23T03:55:16.544Z] >>> [apiv2][query] GET https://cloudfunctions.googleapis.com/v2/projects/ecom-firestore-11867/locations/us-central1/operations/operation-1734926048920-629e7f2db834c-8607b077-6b2e4c35 [none]
[debug] [2024-12-23T03:55:17.881Z] <<< [apiv2][status] GET https://cloudfunctions.googleapis.com/v2/projects/ecom-firestore-11867/locations/us-central1/operations/operation-1734926048920-629e7f2db834c-8607b077-6b2e4c35 200
[debug] [2024-12-23T03:55:17.881Z] <<< [apiv2][body] GET https://cloudfunctions.googleapis.com/v2/projects/ecom-firestore-11867/locations/us-central1/operations/operation-1734926048920-629e7f2db834c-8607b077-6b2e4c35 {"name":"projects/ecom-firestore-11867/locations/us-central1/operations/operation-1734926048920-629e7f2db834c-8607b077-6b2e4c35","metadata":{"@type":"type.googleapis.com/google.cloud.functions.v2.OperationMetadata","createTime":"2024-12-23T03:54:09.987204604Z","endTime":"2024-12-23T03:55:08.509355145Z","target":"projects/ecom-firestore-11867/locations/us-central1/functions/addmessage","verb":"create","cancelRequested":false,"apiVersion":"v2","requestResource":{"@type":"type.googleapis.com/google.cloud.functions.v2.Function","name":"projects/ecom-firestore-11867/locations/us-central1/functions/addmessage","buildConfig":{"runtime":"nodejs22","entryPoint":"addmessage","source":{"storageSource":{"bucket":"gcf-v2-sources-700548026300-us-central1","object":"addmessage/function-source.zip","generation":"1734926049726207"}},"environmentVariables":{"GOOGLE_NODE_RUN_SCRIPTS":""},"serviceAccount":"projects/ecom-firestore-11867/serviceAccounts/700548026300-compute@developer.gserviceaccount.com","automaticUpdatePolicy":{}},"serviceConfig":{"service":"projects/ecom-firestore-11867/locations/us-central1/services/addmessage","timeoutSeconds":60,"environmentVariables":{"FIREBASE_CONFIG":"{\"projectId\":\"ecom-firestore-11867\",\"storageBucket\":\"ecom-firestore-11867.firebasestorage.app\"}","GCLOUD_PROJECT":"ecom-firestore-11867","EVENTARC_CLOUD_EVENT_SOURCE":"projects/ecom-firestore-11867/locations/us-central1/services/addmessage","FUNCTION_TARGET":"addmessage","LOG_EXECUTION_ID":"true"},"ingressSettings":"ALLOW_ALL","serviceAccountEmail":"700548026300-compute@developer.gserviceaccount.com","availableMemory":"256Mi","maxInstanceRequestConcurrency":80,"availableCpu":"1"},"labels":{"deployment-tool":"cli-firebase","firebase-functions-hash":"26b91d47af905517db3da251ac9cd3fd247064e1"},"environment":"GEN_2"},"stages":[{"name":"ARTIFACT_REGISTRY","message":"Deleting function artifacts in Artifact Registry","state":"COMPLETE"},{"name":"SERVICE","message":"Deleting Cloud Run service","state":"COMPLETE","resource":"projects/ecom-firestore-11867/locations/us-central1/services/addmessage"}],"operationType":"CREATE_FUNCTION"},"done":true,"error":{"code":3,"message":"Build failed with status: FAILURE and message: npm error code EUSAGE\nnpm error\nnpm error `npm ci` can only install packages when your package.json and package-lock.json or npm-shrinkwrap.json are in sync. Please update your lock file with `npm install` before continuing.\nnpm error\nnpm error Missing: jest@29.7.0 from lock file\nnpm error Missing: @jest/core@29.7.0 from lock file\nnpm error Missing: @jest/types@29.6.3 from lock file\nnpm error Missing: import-local@3.2.0 from lock file\nnpm error Missing: jest-cli@29.7.0 from lock file\nnpm error Missing: @jest/console@29.7.0 from lock file\nnpm error Missing: @jest/reporters@29.7.0 from lock file\nnpm error Missing: @jest/test-result@29.7.0 from lock file\nnpm error Missing: @jest/transform@29.7.0 from lock file\nnpm error Missing: ansi-escapes@4.3.2 from lock file\nnpm error Missing: chalk@4.1.2 from lock file\nnpm error Missing: ci-info@3.9.0 from lock file\nnpm error Missing: exit@0.1.2 from lock file\nnpm error Missing: graceful-fs@4.2.11 from lock file\nnpm error Missing: jest-changed-files@29.7.0 from lock file\nnpm error Missing: jest-config@29.7.0 from lock file\nnpm error Missing: jest-haste-map@29.7.0 from lock file\nnpm error Missing: jest-message-util@29.7.0 from lock file\nnpm error Missing: jest-regex-util@29.6.3 from lock file\nnpm error Missing: jest-resolve@29.7.0 from lock file\nnpm error Missing: jest-resolve-dependencies@29.7.0 from lock file\nnpm error Missing: jest-runner@29.7.0 from lock file\nnpm error Missing: jest-runtime@29.7.0 from lock file\nnpm error Missing: jest-snapshot@29.7.0 from lock file\nnpm error Missing: jest-util@29.7.0 from lock file\nnpm error Missing: jest-validate@29.7.0 from lock file\nnpm error Missing: jest-watcher@29.7.0 from lock file\nnpm error Missing: micromatch@4.0.8 from lock file\nnpm error Missing: pretty-format@29.7.0 from lock file\nnpm error Missing: slash@3.0.0 from lock file\nnpm error Missing: @bcoe/v8-coverage@0.2.3 from lock file\nnpm error Missing: @jridgewell/trace-mapping@0.3.25 from lock file\nnpm error Missing: collect-v8-coverage@1.0.2 from lock file\nnpm error Missing: glob@7.2.3 from lock file\nnpm error Missing: istanbul-lib-coverage@3.2.2 from lock file\nnpm error Missing: istanbul-lib-instrument@6.0.3 from lock file\nnpm error Missing: istanbul-lib-report@3.0.1 from lock file\nnpm error Missing: istanbul-lib-source-maps@4.0.1 from lock file\nnpm error Missing: istanbul-reports@3.1.7 from lock file\nnpm error Missing: jest-worker@29.7.0 from lock file\nnpm error Missing: string-length@4.0.2 from lock file\nnpm error Missing: v8-to-istanbul@9.3.0 from lock file\nnpm error Missing: @types/istanbul-lib-coverage@2.0.6 from lock file\nnpm error Missing: @babel/core@7.26.0 from lock file\nnpm error Missing: babel-plugin-istanbul@6.1.1 from lock file\nnpm error Missing: convert-source-map@2.0.0 from lock file\nnpm error Missing: fast-json-stable-stringify@2.1.0 from lock file\nnpm error Missing: pirates@4.0.6 from lock file\nnpm error Missing: write-file-atomic@4.0.2 from lock file\nnpm error Missing: @ampproject/remapping@2.3.0 from lock file\nnpm error Missing: @babel/code-frame@7.26.2 from lock file\nnpm error Missing: @babel/generator@7.26.3 from lock file\nnpm error Missing: @babel/helper-compilation-targets@7.25.9 from lock file\nnpm error Missing: @babel/helper-module-transforms@7.26.0 from lock file\nnpm error Missing: @babel/helpers@7.26.0 from lock file\nnpm error Missing: @babel/parser@7.26.3 from lock file\nnpm error Missing: @babel/template@7.25.9 from lock file\nnpm error Missing: @babel/traverse@7.26.4 from lock file\nnpm error Missing: @babel/types@7.26.3 from lock file\nnpm error Missing: debug@4.4.0 from lock file\nnpm error Missing: gensync@1.0.0-beta.2 from lock file\nnpm error Missing: json5@2.2.3 from lock file\nnpm error Missing: semver@6.3.1 from lock file\nnpm error Missing: @jridgewell/gen-mapping@0.3.8 from lock file\nnpm error Missing: @babel/helper-validator-identifier@7.25.9 from lock file\nnpm error Missing: js-tokens@4.0.0 from lock file\nnpm error Missing: picocolors@1.1.1 from lock file\nnpm error Missing: jsesc@3.1.0 from lock file\nnpm error Missing: @babel/compat-data@7.26.3 from lock file\nnpm error Missing: @babel/helper-validator-option@7.25.9 from lock file\nnpm error Missing: browserslist@4.24.3 from lock file\nnpm error Missing: lru-cache@5.1.1 from lock file\nnpm error Missing: semver@6.3.1 from lock file\nnpm error Missing: @babel/helper-module-imports@7.25.9 from lock file\nnpm error Missing: debug@4.4.0 from lock file\nnpm error Missing: globals@11.12.0 from lock file\nnpm error Missing: @babel/helper-string-parser@7.25.9 from lock file\nnpm error Missing: @jest/schemas@29.6.3 from lock file\nnpm error Missing: @types/istanbul-reports@3.0.4 from lock file\nnpm error Missing: @types/yargs@17.0.33 from lock file\nnpm error Missing: @sinclair/typebox@0.27.8 from lock file\nnpm error Missing: @jridgewell/set-array@1.2.1 from lock file\nnpm error Missing: @jridgewell/sourcemap-codec@1.5.0 from lock file\nnpm error Missing: @jridgewell/resolve-uri@3.1.2 from lock file\nnpm error Missing: @types/istanbul-lib-report@3.0.3 from lock file\nnpm error Missing: @types/yargs-parser@21.0.3 from lock file\nnpm error Missing: type-fest@0.21.3 from lock file\nnpm error Missing: @babel/helper-plugin-utils@7.25.9 from lock file\nnpm error Missing: @istanbuljs/load-nyc-config@1.1.0 from lock file\nnpm error Missing: @istanbuljs/schema@0.1.3 from lock file\nnpm error Missing: istanbul-lib-instrument@5.2.1 from lock file\nnpm error Missing: test-exclude@6.0.0 from lock file\nnpm error Missing: camelcase@5.3.1 from lock file\nnpm error Missing: find-up@4.1.0 from lock file\nnpm error Missing: get-package-type@0.1.0 from lock file\nnpm error Missing: js-yaml@3.14.1 from lock file\nnpm error Missing: resolve-from@5.0.0 from lock file\nnpm error Missing: caniuse-lite@1.0.30001690 from lock file\nnpm error Missing: electron-to-chromium@1.5.75 from lock file\nnpm error Missing: node-releases@2.0.19 from lock file\nnpm error Missing: update-browserslist-db@1.1.1 from lock file\nnpm error Missing: supports-color@7.2.0 from lock file\nnpm error Missing: locate-path@5.0.0 from lock file\nnpm error Missing: path-exists@4.0.0 from lock file\nnpm error Missing: fs.realpath@1.0.0 from lock file\nnpm error Missing: inflight@1.0.6 from lock file\nnpm error Missing: minimatch@3.1.2 from lock file\nnpm error Missing: path-is-absolute@1.0.1 from lock file\nnpm error Missing: pkg-dir@4.2.0 from lock file\nnpm error Missing: resolve-cwd@3.0.0 from lock file\nnpm error Missing: make-dir@4.0.0 from lock file\nnpm error Missing: debug@4.4.0 from lock file\nnpm error Missing: source-map@0.6.1 from lock file\nnpm error Missing: html-escaper@2.0.2 from lock file\nnpm error Missing: execa@5.1.1 from lock file\nnpm error Missing: cross-spawn@7.0.6 from lock file\nnpm error Missing: get-stream@6.0.1 from lock file\nnpm error Missing: human-signals@2.1.0 from lock file\nnpm error Missing: merge-stream@2.0.0 from lock file\nnpm error Missing: npm-run-path@4.0.1 from lock file\nnpm error Missing: onetime@5.1.2 from lock file\nnpm error Missing: signal-exit@3.0.7 from lock file\nnpm error Missing: strip-final-newline@2.0.0 from lock file\nnpm error Missing: path-key@3.1.1 from lock file\nnpm error Missing: shebang-command@2.0.0 from lock file\nnpm error Missing: which@2.0.2 from lock file\nnpm error Missing: create-jest@29.7.0 from lock file\nnpm error Missing: prompts@2.4.2 from lock file\nnpm error Missing: @jest/test-sequencer@29.7.0 from lock file\nnpm error Missing: babel-jest@29.7.0 from lock file\nnpm error Missing: deepmerge@4.3.1 from lock file\nnpm error Missing: jest-circus@29.7.0 from lock file\nnpm error Missing: jest-environment-node@29.7.0 from lock file\nnpm error Missing: jest-get-type@29.6.3 from lock file\nnpm error Missing: parse-json@5.2.0 from lock file\nnpm error Missing: strip-json-comments@3.1.1 from lock file\nnpm error Missing: @types/babel__core@7.20.5 from lock file\nnpm error Missing: babel-preset-jest@29.6.3 from lock file\nnpm error Missing: @types/babel__generator@7.6.8 from lock file\nnpm error Missing: @types/babel__template@7.4.4 from lock file\nnpm error Missing: @types/babel__traverse@7.20.6 from lock file\nnpm error Missing: babel-plugin-jest-hoist@29.6.3 from lock file\nnpm error Missing: babel-preset-current-node-syntax@1.1.0 from lock file\nnpm error Missing: @babel/plugin-syntax-async-generators@7.8.4 from lock file\nnpm error Missing: @babel/plugin-syntax-bigint@7.8.3 from lock file\nnpm error Missing: @babel/plugin-syntax-class-properties@7.12.13 from lock file\nnpm error Missing: @babel/plugin-syntax-class-static-block@7.14.5 from lock file\nnpm error Missing: @babel/plugin-syntax-import-attributes@7.26.0 from lock file\nnpm error Missing: @babel/plugin-syntax-import-meta@7.10.4 from lock file\nnpm error Missing: @babel/plugin-syntax-json-strings@7.8.3 from lock file\nnpm error Missing: @babel/plugin-syntax-logical-assignment-operators@7.10.4 from lock file\nnpm error Missing: @babel/plugin-syntax-nullish-coalescing-operator@7.8.3 from lock file\nnpm error Missing: @babel/plugin-syntax-numeric-separator@7.10.4 from lock file\nnpm error Missing: @babel/plugin-syntax-object-rest-spread@7.8.3 from lock file\nnpm error Missing: @babel/plugin-syntax-optional-catch-binding@7.8.3 from lock file\nnpm error Missing: @babel/plugin-syntax-optional-chaining@7.8.3 from lock file\nnpm error Missing: @babel/plugin-syntax-private-property-in-object@7.14.5 from lock file\nnpm error Missing: @babel/plugin-syntax-top-level-await@7.14.5 from lock file\nnpm error Missing: @jest/environment@29.7.0 from lock file\nnpm error Missing: @jest/expect@29.7.0 from lock file\nnpm error Missing: co@4.6.0 from lock file\nnpm error Missing: dedent@1.5.3 from lock file\nnpm error Missing: is-generator-fn@2.1.0 from lock file\nnpm error Missing: jest-each@29.7.0 from lock file\nnpm error Missing: jest-matcher-utils@29.7.0 from lock file\nnpm error Missing: pure-rand@6.1.0 from lock file\nnpm error Missing: stack-utils@2.0.6 from lock file\nnpm error Missing: @jest/fake-timers@29.7.0 from lock file\nnpm error Missing: jest-mock@29.7.0 from lock file\nnpm error Missing: expect@29.7.0 from lock file\nnpm error Missing: @sinonjs/fake-timers@10.3.0 from lock file\nnpm error Missing: @sinonjs/commons@3.0.1 from lock file\nnpm error Missing: type-detect@4.0.8 from lock file\nnpm error Missing: @jest/expect-utils@29.7.0 from lock file\nnpm error Missing: @types/graceful-fs@4.1.9 from lock file\nnpm error Missing: anymatch@3.1.3 from lock file\nnpm error Missing: fb-watchman@2.0.2 from lock file\nnpm error Missing: fsevents@2.3.3 from lock file\nnpm error Missing: walker@1.0.8 from lock file\nnpm error Missing: normalize-path@3.0.0 from lock file\nnpm error Missing: picomatch@2.3.1 from lock file\nnpm error Missing: bser@2.1.1 from lock file\nnpm error Missing: node-int64@0.4.0 from lock file\nnpm error Missing: jest-diff@29.7.0 from lock file\nnpm error Missing: diff-sequences@29.6.3 from lock file\nnpm error Missing: @types/stack-utils@2.0.3 from lock file\nnpm error Missing: jest-pnp-resolver@1.2.3 from lock file\nnpm error Missing: resolve@1.22.10 from lock file\nnpm error Missing: resolve.exports@2.0.3 from lock file\nnpm error Missing: emittery@0.13.1 from lock file\nnpm error Missing: jest-docblock@29.7.0 from lock file\nnpm error Missing: jest-leak-detector@29.7.0 from lock file\nnpm error Missing: source-map-support@0.5.13 from lock file\nnpm error Missing: detect-newline@3.1.0 from lock file\nnpm error Missing: @jest/globals@29.7.0 from lock file\nnpm error Missing: @jest/source-map@29.6.3 from lock file\nnpm error Missing: cjs-module-lexer@1.4.1 from lock file\nnpm error Missing: strip-bom@4.0.0 from lock file\nnpm error Missing: callsites@3.1.0 from lock file\nnpm error Missing: @babel/plugin-syntax-jsx@7.25.9 from lock file\nnpm error Missing: @babel/plugin-syntax-typescript@7.25.9 from lock file\nnpm error Missing: natural-compare@1.4.0 from lock file\nnpm error Missing: camelcase@6.3.0 from lock file\nnpm error Missing: leven@3.1.0 from lock file\nnpm error Missing: supports-color@8.1.1 from lock file\nnpm error Missing: argparse@1.0.10 from lock file\nnpm error Missing: esprima@4.0.1 from lock file\nnpm error Missing: sprintf-js@1.0.3 from lock file\nnpm error Missing: p-locate@4.1.0 from lock file\nnpm error Missing: braces@3.0.3 from lock file\nnpm error Missing: fill-range@7.1.1 from lock file\nnpm error Missing: to-regex-range@5.0.1 from lock file\nnpm error Missing: brace-expansion@1.1.11 from lock file\nnpm error Missing: balanced-match@1.0.2 from lock file\nnpm error Missing: concat-map@0.0.1 from lock file\nnpm error Missing: mimic-fn@2.1.0 from lock file\nnpm error Missing: p-limit@2.3.0 from lock file\nnpm error Missing: error-ex@1.3.2 from lock file\nnpm error Missing: json-parse-even-better-errors@2.3.1 from lock file\nnpm error Missing: lines-and-columns@1.2.4 from lock file\nnpm error Missing: is-arrayish@0.2.1 from lock file\nnpm error Missing: ansi-styles@5.2.0 from lock file\nnpm error Missing: react-is@18.3.1 from lock file\nnpm error Missing: kleur@3.0.3 from lock file\nnpm error Missing: sisteransi@1.0.5 from lock file\nnpm error Missing: is-core-module@2.16.1 from lock file\nnpm error Missing: path-parse@1.0.7 from lock file\nnpm error Missing: supports-preserve-symlinks-flag@1.0.0 from lock file\nnpm error Missing: shebang-regex@3.0.0 from lock file\nnpm error Missing: buffer-from@1.1.2 from lock file\nnpm error Missing: escape-string-regexp@2.0.0 from lock file\nnpm error Missing: char-regex@1.0.2 from lock file\nnpm error Missing: has-flag@4.0.0 from lock file\nnpm error Missing: is-number@7.0.0 from lock file\nnpm error Missing: makeerror@1.0.12 from lock file\nnpm error Missing: tmpl@1.0.5 from lock file\nnpm error Missing: isexe@2.0.0 from lock file\nnpm error Missing: imurmurhash@0.1.4 from lock file\nnpm error Missing: ms@2.1.3 from lock file\nnpm error Missing: yallist@3.1.1 from lock file\nnpm error Missing: ms@2.1.3 from lock file\nnpm error Missing: semver@6.3.1 from lock file\nnpm error Missing: ms@2.1.3 from lock file\nnpm error Missing: p-try@2.2.0 from lock file\nnpm error\nnpm error Clean install a project\nnpm error\nnpm error Usage:\nnpm error npm ci\nnpm error\nnpm error Options:\nnpm error [--install-strategy <hoisted|nested|shallow|linked>] [--legacy-bundling]\nnpm error [--global-style] [--omit <dev|optional|peer> [--omit <dev|optional|peer> ...]]\nnpm error [--include <prod|dev|optional|peer> [--include <prod|dev|optional|peer> ...]]\nnpm error [--strict-peer-deps] [--foreground-scripts] [--ignore-scripts] [--no-audit]\nnpm error [--no-bin-links] [--no-fund] [--dry-run]\nnpm error [-w|--workspace <workspace-name> [-w|--workspace <workspace-name> ...]]\nnpm error [-ws|--workspaces] [--include-workspace-root] [--install-links]\nnpm error\nnpm error aliases: clean-install, ic, install-clean, isntall-clean\nnpm error\nnpm error Run \"npm help ci\" for more info\nnpm error A complete log of this run can be found in: /www-data-home/.npm/_logs/2024-12-23T03_54_41_130Z-debug-0.log. For more details see the logs at https://console.cloud.google.com/cloud-build/builds;region=us-central1/de66b4ad-1185-4686-aa0d-958ad6a9b466?project=700548026300."}}
[debug] [2024-12-23T03:55:17.882Z] Got source token undefined for region us-central1
[debug] [2024-12-23T03:55:17.882Z] Checked if tokens are valid: true, expires at: 1734927131257
[debug] [2024-12-23T03:55:17.882Z] Checked if tokens are valid: true, expires at: 1734927131257
[debug] [2024-12-23T03:55:17.882Z] >>> [apiv2][query] POST https://cloudfunctions.googleapis.com/v2/projects/ecom-firestore-11867/locations/us-central1/functions functionId=makeuppercase
[debug] [2024-12-23T03:55:17.882Z] >>> [apiv2][body] POST https://cloudfunctions.googleapis.com/v2/projects/ecom-firestore-11867/locations/us-central1/functions {"name":"projects/ecom-firestore-11867/locations/us-central1/functions/makeuppercase","buildConfig":{"runtime":"nodejs22","entryPoint":"makeuppercase","source":{"storageSource":{"bucket":"gcf-v2-uploads-700548026300.us-central1.cloudfunctions.appspot.com","object":"7fc0f9ca-44a2-4089-9459-23dcbf1071ea.zip"}},"environmentVariables":{"GOOGLE_NODE_RUN_SCRIPTS":""}},"serviceConfig":{"environmentVariables":{"FIREBASE_CONFIG":"{\"projectId\":\"ecom-firestore-11867\",\"storageBucket\":\"ecom-firestore-11867.firebasestorage.app\"}","GCLOUD_PROJECT":"ecom-firestore-11867","EVENTARC_CLOUD_EVENT_SOURCE":"projects/ecom-firestore-11867/locations/us-central1/services/makeuppercase","FUNCTION_SIGNATURE_TYPE":"cloudevent","FUNCTION_TARGET":"makeuppercase"},"ingressSettings":null,"timeoutSeconds":null,"serviceAccountEmail":null,"availableMemory":"256Mi","minInstanceCount":null,"maxInstanceCount":null,"maxInstanceRequestConcurrency":80,"availableCpu":"1","vpcConnector":null,"vpcConnectorEgressSettings":null},"labels":{"deployment-tool":"cli-firebase","firebase-functions-hash":"26b91d47af905517db3da251ac9cd3fd247064e1"},"eventTrigger":{"eventType":"google.cloud.firestore.document.v1.created","retryPolicy":"RETRY_POLICY_DO_NOT_RETRY","eventFilters":[{"attribute":"database","value":"(default)"},{"attribute":"namespace","value":"(default)"},{"attribute":"document","value":"messages/{documentId}","operator":"match-path-pattern"}],"triggerRegion":"asia-southeast1"}}
[error] Build failed with status: FAILURE and message: npm error code EUSAGE
npm error
npm error `npm ci` can only install packages when your package.json and package-lock.json or npm-shrinkwrap.json are in sync. Please update your lock file with `npm install` before continuing.
npm error
npm error Missing: jest@29.7.0 from lock file
npm error Missing: @jest/core@29.7.0 from lock file
npm error Missing: @jest/types@29.6.3 from lock file
npm error Missing: import-local@3.2.0 from lock file
npm error Missing: jest-cli@29.7.0 from lock file
npm error Missing: @jest/console@29.7.0 from lock file
npm error Missing: @jest/reporters@29.7.0 from lock file
npm error Missing: @jest/test-result@29.7.0 from lock file
npm error Missing: @jest/transform@29.7.0 from lock file
npm error Missing: ansi-escapes@4.3.2 from lock file
npm error Missing: chalk@4.1.2 from lock file
npm error Missing: ci-info@3.9.0 from lock file
npm error Missing: exit@0.1.2 from lock file
npm error Missing: graceful-fs@4.2.11 from lock file
npm error Missing: jest-changed-files@29.7.0 from lock file
npm error Missing: jest-config@29.7.0 from lock file
npm error Missing: jest-haste-map@29.7.0 from lock file
npm error Missing: jest-message-util@29.7.0 from lock file
npm error Missing: jest-regex-util@29.6.3 from lock file
npm error Missing: jest-resolve@29.7.0 from lock file
npm error Missing: jest-resolve-dependencies@29.7.0 from lock file
npm error Missing: jest-runner@29.7.0 from lock file
npm error Missing: jest-runtime@29.7.0 from lock file
npm error Missing: jest-snapshot@29.7.0 from lock file
npm error Missing: jest-util@29.7.0 from lock file
npm error Missing: jest-validate@29.7.0 from lock file
npm error Missing: jest-watcher@29.7.0 from lock file
npm error Missing: micromatch@4.0.8 from lock file
npm error Missing: pretty-format@29.7.0 from lock file
npm error Missing: slash@3.0.0 from lock file
npm error Missing: @bcoe/v8-coverage@0.2.3 from lock file
npm error Missing: @jridgewell/trace-mapping@0.3.25 from lock file
npm error Missing: collect-v8-coverage@1.0.2 from lock file
npm error Missing: glob@7.2.3 from lock file
npm error Missing: istanbul-lib-coverage@3.2.2 from lock file
npm error Missing: istanbul-lib-instrument@6.0.3 from lock file
npm error Missing: istanbul-lib-report@3.0.1 from lock file
npm error Missing: istanbul-lib-source-maps@4.0.1 from lock file
npm error Missing: istanbul-reports@3.1.7 from lock file
npm error Missing: jest-worker@29.7.0 from lock file
npm error Missing: string-length@4.0.2 from lock file
npm error Missing: v8-to-istanbul@9.3.0 from lock file
npm error Missing: @types/istanbul-lib-coverage@2.0.6 from lock file
npm error Missing: @babel/core@7.26.0 from lock file
npm error Missing: babel-plugin-istanbul@6.1.1 from lock file
npm error Missing: convert-source-map@2.0.0 from lock file
npm error Missing: fast-json-stable-stringify@2.1.0 from lock file
npm error Missing: pirates@4.0.6 from lock file
npm error Missing: write-file-atomic@4.0.2 from lock file
npm error Missing: @ampproject/remapping@2.3.0 from lock file
npm error Missing: @babel/code-frame@7.26.2 from lock file
npm error Missing: @babel/generator@7.26.3 from lock file
npm error Missing: @babel/helper-compilation-targets@7.25.9 from lock file
npm error Missing: @babel/helper-module-transforms@7.26.0 from lock file
npm error Missing: @babel/helpers@7.26.0 from lock file
npm error Missing: @babel/parser@7.26.3 from lock file
npm error Missing: @babel/template@7.25.9 from lock file
npm error Missing: @babel/traverse@7.26.4 from lock file
npm error Missing: @babel/types@7.26.3 from lock file
npm error Missing: debug@4.4.0 from lock file
npm error Missing: gensync@1.0.0-beta.2 from lock file
npm error Missing: json5@2.2.3 from lock file
npm error Missing: semver@6.3.1 from lock file
npm error Missing: @jridgewell/gen-mapping@0.3.8 from lock file
npm error Missing: @babel/helper-validator-identifier@7.25.9 from lock file
npm error Missing: js-tokens@4.0.0 from lock file
npm error Missing: picocolors@1.1.1 from lock file
npm error Missing: jsesc@3.1.0 from lock file
npm error Missing: @babel/compat-data@7.26.3 from lock file
npm error Missing: @babel/helper-validator-option@7.25.9 from lock file
npm error Missing: browserslist@4.24.3 from lock file
npm error Missing: lru-cache@5.1.1 from lock file
npm error Missing: semver@6.3.1 from lock file
npm error Missing: @babel/helper-module-imports@7.25.9 from lock file
npm error Missing: debug@4.4.0 from lock file
npm error Missing: globals@11.12.0 from lock file
npm error Missing: @babel/helper-string-parser@7.25.9 from lock file
npm error Missing: @jest/schemas@29.6.3 from lock file
npm error Missing: @types/istanbul-reports@3.0.4 from lock file
npm error Missing: @types/yargs@17.0.33 from lock file
npm error Missing: @sinclair/typebox@0.27.8 from lock file
npm error Missing: @jridgewell/set-array@1.2.1 from lock file
npm error Missing: @jridgewell/sourcemap-codec@1.5.0 from lock file
npm error Missing: @jridgewell/resolve-uri@3.1.2 from lock file
npm error Missing: @types/istanbul-lib-report@3.0.3 from lock file
npm error Missing: @types/yargs-parser@21.0.3 from lock file
npm error Missing: type-fest@0.21.3 from lock file
npm error Missing: @babel/helper-plugin-utils@7.25.9 from lock file
npm error Missing: @istanbuljs/load-nyc-config@1.1.0 from lock file
npm error Missing: @istanbuljs/schema@0.1.3 from lock file
npm error Missing: istanbul-lib-instrument@5.2.1 from lock file
npm error Missing: test-exclude@6.0.0 from lock file
npm error Missing: camelcase@5.3.1 from lock file
npm error Missing: find-up@4.1.0 from lock file
npm error Missing: get-package-type@0.1.0 from lock file
npm error Missing: js-yaml@3.14.1 from lock file
npm error Missing: resolve-from@5.0.0 from lock file
npm error Missing: caniuse-lite@1.0.30001690 from lock file
npm error Missing: electron-to-chromium@1.5.75 from lock file
npm error Missing: node-releases@2.0.19 from lock file
npm error Missing: update-browserslist-db@1.1.1 from lock file
npm error Missing: supports-color@7.2.0 from lock file
npm error Missing: locate-path@5.0.0 from lock file
npm error Missing: path-exists@4.0.0 from lock file
npm error Missing: fs.realpath@1.0.0 from lock file
npm error Missing: inflight@1.0.6 from lock file
npm error Missing: minimatch@3.1.2 from lock file
npm error Missing: path-is-absolute@1.0.1 from lock file
npm error Missing: pkg-dir@4.2.0 from lock file
npm error Missing: resolve-cwd@3.0.0 from lock file
npm error Missing: make-dir@4.0.0 from lock file
npm error Missing: debug@4.4.0 from lock file
npm error Missing: source-map@0.6.1 from lock file
npm error Missing: html-escaper@2.0.2 from lock file
npm error Missing: execa@5.1.1 from lock file
npm error Missing: cross-spawn@7.0.6 from lock file
npm error Missing: get-stream@6.0.1 from lock file
npm error Missing: human-signals@2.1.0 from lock file
npm error Missing: merge-stream@2.0.0 from lock file
npm error Missing: npm-run-path@4.0.1 from lock file
npm error Missing: onetime@5.1.2 from lock file
npm error Missing: signal-exit@3.0.7 from lock file
npm error Missing: strip-final-newline@2.0.0 from lock file
npm error Missing: path-key@3.1.1 from lock file
npm error Missing: shebang-command@2.0.0 from lock file
npm error Missing: which@2.0.2 from lock file
npm error Missing: create-jest@29.7.0 from lock file
npm error Missing: prompts@2.4.2 from lock file
npm error Missing: @jest/test-sequencer@29.7.0 from lock file
npm error Missing: babel-jest@29.7.0 from lock file
npm error Missing: deepmerge@4.3.1 from lock file
npm error Missing: jest-circus@29.7.0 from lock file
npm error Missing: jest-environment-node@29.7.0 from lock file
npm error Missing: jest-get-type@29.6.3 from lock file
npm error Missing: parse-json@5.2.0 from lock file
npm error Missing: strip-json-comments@3.1.1 from lock file
npm error Missing: @types/babel__core@7.20.5 from lock file
npm error Missing: babel-preset-jest@29.6.3 from lock file
npm error Missing: @types/babel__generator@7.6.8 from lock file
npm error Missing: @types/babel__template@7.4.4 from lock file
npm error Missing: @types/babel__traverse@7.20.6 from lock file
npm error Missing: babel-plugin-jest-hoist@29.6.3 from lock file
npm error Missing: babel-preset-current-node-syntax@1.1.0 from lock file
npm error Missing: @babel/plugin-syntax-async-generators@7.8.4 from lock file
npm error Missing: @babel/plugin-syntax-bigint@7.8.3 from lock file
npm error Missing: @babel/plugin-syntax-class-properties@7.12.13 from lock file
npm error Missing: @babel/plugin-syntax-class-static-block@7.14.5 from lock file
npm error Missing: @babel/plugin-syntax-import-attributes@7.26.0 from lock file
npm error Missing: @babel/plugin-syntax-import-meta@7.10.4 from lock file
npm error Missing: @babel/plugin-syntax-json-strings@7.8.3 from lock file
npm error Missing: @babel/plugin-syntax-logical-assignment-operators@7.10.4 from lock file
npm error Missing: @babel/plugin-syntax-nullish-coalescing-operator@7.8.3 from lock file
npm error Missing: @babel/plugin-syntax-numeric-separator@7.10.4 from lock file
npm error Missing: @babel/plugin-syntax-object-rest-spread@7.8.3 from lock file
npm error Missing: @babel/plugin-syntax-optional-catch-binding@7.8.3 from lock file
npm error Missing: @babel/plugin-syntax-optional-chaining@7.8.3 from lock file
npm error Missing: @babel/plugin-syntax-private-property-in-object@7.14.5 from lock file
npm error Missing: @babel/plugin-syntax-top-level-await@7.14.5 from lock file
npm error Missing: @jest/environment@29.7.0 from lock file
npm error Missing: @jest/expect@29.7.0 from lock file
npm error Missing: co@4.6.0 from lock file
npm error Missing: dedent@1.5.3 from lock file
npm error Missing: is-generator-fn@2.1.0 from lock file
npm error Missing: jest-each@29.7.0 from lock file
npm error Missing: jest-matcher-utils@29.7.0 from lock file
npm error Missing: pure-rand@6.1.0 from lock file
npm error Missing: stack-utils@2.0.6 from lock file
npm error Missing: @jest/fake-timers@29.7.0 from lock file
npm error Missing: jest-mock@29.7.0 from lock file
npm error Missing: expect@29.7.0 from lock file
npm error Missing: @sinonjs/fake-timers@10.3.0 from lock file
npm error Missing: @sinonjs/commons@3.0.1 from lock file
npm error Missing: type-detect@4.0.8 from lock file
npm error Missing: @jest/expect-utils@29.7.0 from lock file
npm error Missing: @types/graceful-fs@4.1.9 from lock file
npm error Missing: anymatch@3.1.3 from lock file
npm error Missing: fb-watchman@2.0.2 from lock file
npm error Missing: fsevents@2.3.3 from lock file
npm error Missing: walker@1.0.8 from lock file
npm error Missing: normalize-path@3.0.0 from lock file
npm error Missing: picomatch@2.3.1 from lock file
npm error Missing: bser@2.1.1 from lock file
npm error Missing: node-int64@0.4.0 from lock file
npm error Missing: jest-diff@29.7.0 from lock file
npm error Missing: diff-sequences@29.6.3 from lock file
npm error Missing: @types/stack-utils@2.0.3 from lock file
npm error Missing: jest-pnp-resolver@1.2.3 from lock file
npm error Missing: resolve@1.22.10 from lock file
npm error Missing: resolve.exports@2.0.3 from lock file
npm error Missing: emittery@0.13.1 from lock file
npm error Missing: jest-docblock@29.7.0 from lock file
npm error Missing: jest-leak-detector@29.7.0 from lock file
npm error Missing: source-map-support@0.5.13 from lock file
npm error Missing: detect-newline@3.1.0 from lock file
npm error Missing: @jest/globals@29.7.0 from lock file
npm error Missing: @jest/source-map@29.6.3 from lock file
npm error Missing: cjs-module-lexer@1.4.1 from lock file
npm error Missing: strip-bom@4.0.0 from lock file
npm error Missing: callsites@3.1.0 from lock file
npm error Missing: @babel/plugin-syntax-jsx@7.25.9 from lock file
npm error Missing: @babel/plugin-syntax-typescript@7.25.9 from lock file
npm error Missing: natural-compare@1.4.0 from lock file
npm error Missing: camelcase@6.3.0 from lock file
npm error Missing: leven@3.1.0 from lock file
npm error Missing: supports-color@8.1.1 from lock file
npm error Missing: argparse@1.0.10 from lock file
npm error Missing: esprima@4.0.1 from lock file
npm error Missing: sprintf-js@1.0.3 from lock file
npm error Missing: p-locate@4.1.0 from lock file
npm error Missing: braces@3.0.3 from lock file
npm error Missing: fill-range@7.1.1 from lock file
npm error Missing: to-regex-range@5.0.1 from lock file
npm error Missing: brace-expansion@1.1.11 from lock file
npm error Missing: balanced-match@1.0.2 from lock file
npm error Missing: concat-map@0.0.1 from lock file
npm error Missing: mimic-fn@2.1.0 from lock file
npm error Missing: p-limit@2.3.0 from lock file
npm error Missing: error-ex@1.3.2 from lock file
npm error Missing: json-parse-even-better-errors@2.3.1 from lock file
npm error Missing: lines-and-columns@1.2.4 from lock file
npm error Missing: is-arrayish@0.2.1 from lock file
npm error Missing: ansi-styles@5.2.0 from lock file
npm error Missing: react-is@18.3.1 from lock file
npm error Missing: kleur@3.0.3 from lock file
npm error Missing: sisteransi@1.0.5 from lock file
npm error Missing: is-core-module@2.16.1 from lock file
npm error Missing: path-parse@1.0.7 from lock file
npm error Missing: supports-preserve-symlinks-flag@1.0.0 from lock file
npm error Missing: shebang-regex@3.0.0 from lock file
npm error Missing: buffer-from@1.1.2 from lock file
npm error Missing: escape-string-regexp@2.0.0 from lock file
npm error Missing: char-regex@1.0.2 from lock file
npm error Missing: has-flag@4.0.0 from lock file
npm error Missing: is-number@7.0.0 from lock file
npm error Missing: makeerror@1.0.12 from lock file
npm error Missing: tmpl@1.0.5 from lock file
npm error Missing: isexe@2.0.0 from lock file
npm error Missing: imurmurhash@0.1.4 from lock file
npm error Missing: ms@2.1.3 from lock file
npm error Missing: yallist@3.1.1 from lock file
npm error Missing: ms@2.1.3 from lock file
npm error Missing: semver@6.3.1 from lock file
npm error Missing: ms@2.1.3 from lock file
npm error Missing: p-try@2.2.0 from lock file
npm error
npm error Clean install a project
npm error
npm error Usage:
npm error npm ci
npm error
npm error Options:
npm error [--install-strategy <hoisted|nested|shallow|linked>] [--legacy-bundling]
npm error [--global-style] [--omit <dev|optional|peer> [--omit <dev|optional|peer> ...]]
npm error [--include <prod|dev|optional|peer> [--include <prod|dev|optional|peer> ...]]
npm error [--strict-peer-deps] [--foreground-scripts] [--ignore-scripts] [--no-audit]
npm error [--no-bin-links] [--no-fund] [--dry-run]
npm error [-w|--workspace <workspace-name> [-w|--workspace <workspace-name> ...]]
npm error [-ws|--workspaces] [--include-workspace-root] [--install-links]
npm error
npm error aliases: clean-install, ic, install-clean, isntall-clean
npm error
npm error Run "npm help ci" for more info
npm error A complete log of this run can be found in: /www-data-home/.npm/_logs/2024-12-23T03_54_41_130Z-debug-0.log. For more details see the logs at https://console.cloud.google.com/cloud-build/builds;region=us-central1/de66b4ad-1185-4686-aa0d-958ad6a9b466?project=700548026300.
[debug] [2024-12-23T03:55:35.854Z] <<< [apiv2][status] POST https://cloudfunctions.googleapis.com/v2/projects/ecom-firestore-11867/locations/us-central1/functions 400
[debug] [2024-12-23T03:55:35.854Z] <<< [apiv2][body] POST https://cloudfunctions.googleapis.com/v2/projects/ecom-firestore-11867/locations/us-central1/functions {"error":{"code":400,"message":"Validation failed for trigger projects/ecom-firestore-11867/locations/asia-southeast1/triggers/makeuppercase-620178: Invalid resource state for \"\": Permission denied while using the Eventarc Service Agent. If you recently started to use Eventarc, it may take a few minutes before all necessary permissions are propagated to the Service Agent. Otherwise, verify that it has Eventarc Service Agent role.","status":"FAILED_PRECONDITION"}}
[warn] !  functions: Request to https://cloudfunctions.googleapis.com/v2/projects/ecom-firestore-11867/locations/us-central1/functions?functionId=makeuppercase had HTTP Error: 400, Validation failed for trigger projects/ecom-firestore-11867/locations/asia-southeast1/triggers/makeuppercase-620178: Invalid resource state for "": Permission denied while using the Eventarc Service Agent. If you recently started to use Eventarc, it may take a few minutes before all necessary permissions are propagated to the Service Agent. Otherwise, verify that it has Eventarc Service Agent role. 
[warn] !  functions: Since this is your first time using 2nd gen functions, we need a little bit longer to finish setting everything up. Retry the deployment in a few minutes. 
[warn] !  functions:  failed to create function projects/ecom-firestore-11867/locations/us-central1/functions/makeuppercase 
[error] Failed to create function projects/ecom-firestore-11867/locations/us-central1/functions/makeuppercase
[debug] [2024-12-23T03:55:35.863Z] Total Function Deployment time: 88210
[debug] [2024-12-23T03:55:35.863Z] 2 Functions Deployed
[debug] [2024-12-23T03:55:35.863Z] 2 Functions Errored
[debug] [2024-12-23T03:55:35.863Z] 0 Function Deployments Aborted
[debug] [2024-12-23T03:55:35.863Z] Average Function Deployment time: 79235.5
[info] 
[info] Functions deploy had errors with the following functions:
	addmessage(us-central1)
	makeuppercase(us-central1)
[debug] [2024-12-23T03:55:35.973Z] Not printing URL for HTTPS function. Typically this means it didn't match a filter or we failed deployment
[info] i  functions: cleaning up build files... 
[debug] [2024-12-23T03:55:35.974Z] Checked if tokens are valid: true, expires at: 1734927131257
[debug] [2024-12-23T03:55:35.974Z] Checked if tokens are valid: true, expires at: 1734927131257
[debug] [2024-12-23T03:55:35.974Z] Checked if tokens are valid: true, expires at: 1734927131257
[debug] [2024-12-23T03:55:35.974Z] Checked if tokens are valid: true, expires at: 1734927131257
[debug] [2024-12-23T03:55:35.975Z] Checked if tokens are valid: true, expires at: 1734927131257
[debug] [2024-12-23T03:55:35.975Z] Checked if tokens are valid: true, expires at: 1734927131257
[debug] [2024-12-23T03:55:35.975Z] >>> [apiv2][query] DELETE https://artifactregistry.googleapis.com/v1beta2/projects/ecom-firestore-11867/locations/us-central1/repositories/gcf-artifacts/packages/addmessage [none]
[debug] [2024-12-23T03:55:35.976Z] >>> [apiv2][query] DELETE https://artifactregistry.googleapis.com/v1beta2/projects/ecom-firestore-11867/locations/us-central1/repositories/gcf-artifacts/packages/makeuppercase [none]
[debug] [2024-12-23T03:55:35.977Z] >>> [apiv2][query] GET https://us.gcr.io/v2/ecom-firestore-11867/gcf/us-central1/tags/list [none]
[debug] [2024-12-23T03:55:37.340Z] <<< [apiv2][status] DELETE https://artifactregistry.googleapis.com/v1beta2/projects/ecom-firestore-11867/locations/us-central1/repositories/gcf-artifacts/packages/addmessage 404
[debug] [2024-12-23T03:55:37.340Z] <<< [apiv2][body] DELETE https://artifactregistry.googleapis.com/v1beta2/projects/ecom-firestore-11867/locations/us-central1/repositories/gcf-artifacts/packages/addmessage {"error":{"code":404,"message":"Package \"projects/ecom-firestore-11867/locations/us-central1/repositories/gcf-artifacts/packages/addmessage\" was not found.","status":"NOT_FOUND"}}
[debug] [2024-12-23T03:55:37.389Z] <<< [apiv2][status] DELETE https://artifactregistry.googleapis.com/v1beta2/projects/ecom-firestore-11867/locations/us-central1/repositories/gcf-artifacts/packages/makeuppercase 404
[debug] [2024-12-23T03:55:37.389Z] <<< [apiv2][body] DELETE https://artifactregistry.googleapis.com/v1beta2/projects/ecom-firestore-11867/locations/us-central1/repositories/gcf-artifacts/packages/makeuppercase {"error":{"code":404,"message":"Package \"projects/ecom-firestore-11867/locations/us-central1/repositories/gcf-artifacts/packages/makeuppercase\" was not found.","status":"NOT_FOUND"}}
[debug] [2024-12-23T03:55:38.522Z] <<< [apiv2][status] GET https://us.gcr.io/v2/ecom-firestore-11867/gcf/us-central1/tags/list 404
[debug] [2024-12-23T03:55:38.522Z] <<< [apiv2][body] GET https://us.gcr.io/v2/ecom-firestore-11867/gcf/us-central1/tags/list {"errors":[{"code":"NAME_UNKNOWN","message":"Repository \"us.gcr.io\" not found"}]}
[debug] [2024-12-23T03:55:38.523Z] Failed docker command with error  Request to https://us.gcr.io/v2/ecom-firestore-11867/gcf/us-central1/tags/list had HTTP Error: 404, Not Found {"name":"FirebaseError","children":[],"context":{"body":{"errors":[{"code":"NAME_UNKNOWN","message":"Repository \"us.gcr.io\" not found"}],"error":{"message":"Not Found"}},"response":{"statusCode":404}},"exit":1,"message":"Request to https://us.gcr.io/v2/ecom-firestore-11867/gcf/us-central1/tags/list had HTTP Error: 404, Not Found","status":404}
[debug] [2024-12-23T03:55:38.534Z] Checked if tokens are valid: true, expires at: 1734927131257
[debug] [2024-12-23T03:55:38.534Z] Checked if tokens are valid: true, expires at: 1734927131257
[debug] [2024-12-23T03:55:38.534Z] >>> [apiv2][query] GET https://us.gcr.io/v2/ecom-firestore-11867/gcf/us-central1/tags/list [none]
[debug] [2024-12-23T03:55:38.872Z] <<< [apiv2][status] GET https://us.gcr.io/v2/ecom-firestore-11867/gcf/us-central1/tags/list 404
[debug] [2024-12-23T03:55:38.873Z] <<< [apiv2][body] GET https://us.gcr.io/v2/ecom-firestore-11867/gcf/us-central1/tags/list {"errors":[{"code":"NAME_UNKNOWN","message":"Repository \"us.gcr.io\" not found"}]}
[debug] [2024-12-23T03:55:38.873Z] Failed docker command with error  Request to https://us.gcr.io/v2/ecom-firestore-11867/gcf/us-central1/tags/list had HTTP Error: 404, Not Found {"name":"FirebaseError","children":[],"context":{"body":{"errors":[{"code":"NAME_UNKNOWN","message":"Repository \"us.gcr.io\" not found"}],"error":{"message":"Not Found"}},"response":{"statusCode":404}},"exit":1,"message":"Request to https://us.gcr.io/v2/ecom-firestore-11867/gcf/us-central1/tags/list had HTTP Error: 404, Not Found","status":404}
[debug] [2024-12-23T03:55:38.984Z] Checked if tokens are valid: true, expires at: 1734927131257
[debug] [2024-12-23T03:55:38.985Z] Checked if tokens are valid: true, expires at: 1734927131257
[debug] [2024-12-23T03:55:38.985Z] >>> [apiv2][query] GET https://us.gcr.io/v2/ecom-firestore-11867/gcf/us-central1/tags/list [none]
[debug] [2024-12-23T03:55:39.301Z] <<< [apiv2][status] GET https://us.gcr.io/v2/ecom-firestore-11867/gcf/us-central1/tags/list 404
[debug] [2024-12-23T03:55:39.301Z] <<< [apiv2][body] GET https://us.gcr.io/v2/ecom-firestore-11867/gcf/us-central1/tags/list {"errors":[{"code":"NAME_UNKNOWN","message":"Repository \"us.gcr.io\" not found"}]}
[debug] [2024-12-23T03:55:39.301Z] Failed docker command with error  Request to https://us.gcr.io/v2/ecom-firestore-11867/gcf/us-central1/tags/list had HTTP Error: 404, Not Found {"name":"FirebaseError","children":[],"context":{"body":{"errors":[{"code":"NAME_UNKNOWN","message":"Repository \"us.gcr.io\" not found"}],"error":{"message":"Not Found"}},"response":{"statusCode":404}},"exit":1,"message":"Request to https://us.gcr.io/v2/ecom-firestore-11867/gcf/us-central1/tags/list had HTTP Error: 404, Not Found","status":404}
[warn] !  functions: Unhandled error cleaning up build images. This could result in a small monthly bill if not corrected. You can attempt to delete these images by redeploying or you can delete them manually at https://console.cloud.google.com/gcr/images/ecom-firestore-11867/us/gcf 
[debug] [2024-12-23T03:55:39.302Z] Functions deploy failed.
[debug] [2024-12-23T03:55:39.302Z] {
  "endpoint": {
    "id": "addmessage",
    "project": "ecom-firestore-11867",
    "region": "us-central1",
    "entryPoint": "addmessage",
    "platform": "gcfv2",
    "runtime": "nodejs22",
    "httpsTrigger": {},
    "labels": {
      "deployment-tool": "cli-firebase"
    },
    "ingressSettings": null,
    "availableMemoryMb": null,
    "serviceAccount": null,
    "timeoutSeconds": null,
    "maxInstances": null,
    "minInstances": null,
    "concurrency": 80,
    "vpc": null,
    "environmentVariables": {
      "FIREBASE_CONFIG": "{\"projectId\":\"ecom-firestore-11867\",\"storageBucket\":\"ecom-firestore-11867.firebasestorage.app\"}",
      "GCLOUD_PROJECT": "ecom-firestore-11867",
      "EVENTARC_CLOUD_EVENT_SOURCE": "projects/ecom-firestore-11867/locations/us-central1/services/addmessage"
    },
    "codebase": "default",
    "cpu": 1,
    "targetedByOnly": false,
    "hash": "26b91d47af905517db3da251ac9cd3fd247064e1"
  },
  "op": "create",
  "original": {
    "name": "FirebaseError",
    "children": [],
    "exit": 1,
    "message": "Build failed with status: FAILURE and message: npm error code EUSAGE\nnpm error\nnpm error `npm ci` can only install packages when your package.json and package-lock.json or npm-shrinkwrap.json are in sync. Please update your lock file with `npm install` before continuing.\nnpm error\nnpm error Missing: jest@29.7.0 from lock file\nnpm error Missing: @jest/core@29.7.0 from lock file\nnpm error Missing: @jest/types@29.6.3 from lock file\nnpm error Missing: import-local@3.2.0 from lock file\nnpm error Missing: jest-cli@29.7.0 from lock file\nnpm error Missing: @jest/console@29.7.0 from lock file\nnpm error Missing: @jest/reporters@29.7.0 from lock file\nnpm error Missing: @jest/test-result@29.7.0 from lock file\nnpm error Missing: @jest/transform@29.7.0 from lock file\nnpm error Missing: ansi-escapes@4.3.2 from lock file\nnpm error Missing: chalk@4.1.2 from lock file\nnpm error Missing: ci-info@3.9.0 from lock file\nnpm error Missing: exit@0.1.2 from lock file\nnpm error Missing: graceful-fs@4.2.11 from lock file\nnpm error Missing: jest-changed-files@29.7.0 from lock file\nnpm error Missing: jest-config@29.7.0 from lock file\nnpm error Missing: jest-haste-map@29.7.0 from lock file\nnpm error Missing: jest-message-util@29.7.0 from lock file\nnpm error Missing: jest-regex-util@29.6.3 from lock file\nnpm error Missing: jest-resolve@29.7.0 from lock file\nnpm error Missing: jest-resolve-dependencies@29.7.0 from lock file\nnpm error Missing: jest-runner@29.7.0 from lock file\nnpm error Missing: jest-runtime@29.7.0 from lock file\nnpm error Missing: jest-snapshot@29.7.0 from lock file\nnpm error Missing: jest-util@29.7.0 from lock file\nnpm error Missing: jest-validate@29.7.0 from lock file\nnpm error Missing: jest-watcher@29.7.0 from lock file\nnpm error Missing: micromatch@4.0.8 from lock file\nnpm error Missing: pretty-format@29.7.0 from lock file\nnpm error Missing: slash@3.0.0 from lock file\nnpm error Missing: @bcoe/v8-coverage@0.2.3 from lock file\nnpm error Missing: @jridgewell/trace-mapping@0.3.25 from lock file\nnpm error Missing: collect-v8-coverage@1.0.2 from lock file\nnpm error Missing: glob@7.2.3 from lock file\nnpm error Missing: istanbul-lib-coverage@3.2.2 from lock file\nnpm error Missing: istanbul-lib-instrument@6.0.3 from lock file\nnpm error Missing: istanbul-lib-report@3.0.1 from lock file\nnpm error Missing: istanbul-lib-source-maps@4.0.1 from lock file\nnpm error Missing: istanbul-reports@3.1.7 from lock file\nnpm error Missing: jest-worker@29.7.0 from lock file\nnpm error Missing: string-length@4.0.2 from lock file\nnpm error Missing: v8-to-istanbul@9.3.0 from lock file\nnpm error Missing: @types/istanbul-lib-coverage@2.0.6 from lock file\nnpm error Missing: @babel/core@7.26.0 from lock file\nnpm error Missing: babel-plugin-istanbul@6.1.1 from lock file\nnpm error Missing: convert-source-map@2.0.0 from lock file\nnpm error Missing: fast-json-stable-stringify@2.1.0 from lock file\nnpm error Missing: pirates@4.0.6 from lock file\nnpm error Missing: write-file-atomic@4.0.2 from lock file\nnpm error Missing: @ampproject/remapping@2.3.0 from lock file\nnpm error Missing: @babel/code-frame@7.26.2 from lock file\nnpm error Missing: @babel/generator@7.26.3 from lock file\nnpm error Missing: @babel/helper-compilation-targets@7.25.9 from lock file\nnpm error Missing: @babel/helper-module-transforms@7.26.0 from lock file\nnpm error Missing: @babel/helpers@7.26.0 from lock file\nnpm error Missing: @babel/parser@7.26.3 from lock file\nnpm error Missing: @babel/template@7.25.9 from lock file\nnpm error Missing: @babel/traverse@7.26.4 from lock file\nnpm error Missing: @babel/types@7.26.3 from lock file\nnpm error Missing: debug@4.4.0 from lock file\nnpm error Missing: gensync@1.0.0-beta.2 from lock file\nnpm error Missing: json5@2.2.3 from lock file\nnpm error Missing: semver@6.3.1 from lock file\nnpm error Missing: @jridgewell/gen-mapping@0.3.8 from lock file\nnpm error Missing: @babel/helper-validator-identifier@7.25.9 from lock file\nnpm error Missing: js-tokens@4.0.0 from lock file\nnpm error Missing: picocolors@1.1.1 from lock file\nnpm error Missing: jsesc@3.1.0 from lock file\nnpm error Missing: @babel/compat-data@7.26.3 from lock file\nnpm error Missing: @babel/helper-validator-option@7.25.9 from lock file\nnpm error Missing: browserslist@4.24.3 from lock file\nnpm error Missing: lru-cache@5.1.1 from lock file\nnpm error Missing: semver@6.3.1 from lock file\nnpm error Missing: @babel/helper-module-imports@7.25.9 from lock file\nnpm error Missing: debug@4.4.0 from lock file\nnpm error Missing: globals@11.12.0 from lock file\nnpm error Missing: @babel/helper-string-parser@7.25.9 from lock file\nnpm error Missing: @jest/schemas@29.6.3 from lock file\nnpm error Missing: @types/istanbul-reports@3.0.4 from lock file\nnpm error Missing: @types/yargs@17.0.33 from lock file\nnpm error Missing: @sinclair/typebox@0.27.8 from lock file\nnpm error Missing: @jridgewell/set-array@1.2.1 from lock file\nnpm error Missing: @jridgewell/sourcemap-codec@1.5.0 from lock file\nnpm error Missing: @jridgewell/resolve-uri@3.1.2 from lock file\nnpm error Missing: @types/istanbul-lib-report@3.0.3 from lock file\nnpm error Missing: @types/yargs-parser@21.0.3 from lock file\nnpm error Missing: type-fest@0.21.3 from lock file\nnpm error Missing: @babel/helper-plugin-utils@7.25.9 from lock file\nnpm error Missing: @istanbuljs/load-nyc-config@1.1.0 from lock file\nnpm error Missing: @istanbuljs/schema@0.1.3 from lock file\nnpm error Missing: istanbul-lib-instrument@5.2.1 from lock file\nnpm error Missing: test-exclude@6.0.0 from lock file\nnpm error Missing: camelcase@5.3.1 from lock file\nnpm error Missing: find-up@4.1.0 from lock file\nnpm error Missing: get-package-type@0.1.0 from lock file\nnpm error Missing: js-yaml@3.14.1 from lock file\nnpm error Missing: resolve-from@5.0.0 from lock file\nnpm error Missing: caniuse-lite@1.0.30001690 from lock file\nnpm error Missing: electron-to-chromium@1.5.75 from lock file\nnpm error Missing: node-releases@2.0.19 from lock file\nnpm error Missing: update-browserslist-db@1.1.1 from lock file\nnpm error Missing: supports-color@7.2.0 from lock file\nnpm error Missing: locate-path@5.0.0 from lock file\nnpm error Missing: path-exists@4.0.0 from lock file\nnpm error Missing: fs.realpath@1.0.0 from lock file\nnpm error Missing: inflight@1.0.6 from lock file\nnpm error Missing: minimatch@3.1.2 from lock file\nnpm error Missing: path-is-absolute@1.0.1 from lock file\nnpm error Missing: pkg-dir@4.2.0 from lock file\nnpm error Missing: resolve-cwd@3.0.0 from lock file\nnpm error Missing: make-dir@4.0.0 from lock file\nnpm error Missing: debug@4.4.0 from lock file\nnpm error Missing: source-map@0.6.1 from lock file\nnpm error Missing: html-escaper@2.0.2 from lock file\nnpm error Missing: execa@5.1.1 from lock file\nnpm error Missing: cross-spawn@7.0.6 from lock file\nnpm error Missing: get-stream@6.0.1 from lock file\nnpm error Missing: human-signals@2.1.0 from lock file\nnpm error Missing: merge-stream@2.0.0 from lock file\nnpm error Missing: npm-run-path@4.0.1 from lock file\nnpm error Missing: onetime@5.1.2 from lock file\nnpm error Missing: signal-exit@3.0.7 from lock file\nnpm error Missing: strip-final-newline@2.0.0 from lock file\nnpm error Missing: path-key@3.1.1 from lock file\nnpm error Missing: shebang-command@2.0.0 from lock file\nnpm error Missing: which@2.0.2 from lock file\nnpm error Missing: create-jest@29.7.0 from lock file\nnpm error Missing: prompts@2.4.2 from lock file\nnpm error Missing: @jest/test-sequencer@29.7.0 from lock file\nnpm error Missing: babel-jest@29.7.0 from lock file\nnpm error Missing: deepmerge@4.3.1 from lock file\nnpm error Missing: jest-circus@29.7.0 from lock file\nnpm error Missing: jest-environment-node@29.7.0 from lock file\nnpm error Missing: jest-get-type@29.6.3 from lock file\nnpm error Missing: parse-json@5.2.0 from lock file\nnpm error Missing: strip-json-comments@3.1.1 from lock file\nnpm error Missing: @types/babel__core@7.20.5 from lock file\nnpm error Missing: babel-preset-jest@29.6.3 from lock file\nnpm error Missing: @types/babel__generator@7.6.8 from lock file\nnpm error Missing: @types/babel__template@7.4.4 from lock file\nnpm error Missing: @types/babel__traverse@7.20.6 from lock file\nnpm error Missing: babel-plugin-jest-hoist@29.6.3 from lock file\nnpm error Missing: babel-preset-current-node-syntax@1.1.0 from lock file\nnpm error Missing: @babel/plugin-syntax-async-generators@7.8.4 from lock file\nnpm error Missing: @babel/plugin-syntax-bigint@7.8.3 from lock file\nnpm error Missing: @babel/plugin-syntax-class-properties@7.12.13 from lock file\nnpm error Missing: @babel/plugin-syntax-class-static-block@7.14.5 from lock file\nnpm error Missing: @babel/plugin-syntax-import-attributes@7.26.0 from lock file\nnpm error Missing: @babel/plugin-syntax-import-meta@7.10.4 from lock file\nnpm error Missing: @babel/plugin-syntax-json-strings@7.8.3 from lock file\nnpm error Missing: @babel/plugin-syntax-logical-assignment-operators@7.10.4 from lock file\nnpm error Missing: @babel/plugin-syntax-nullish-coalescing-operator@7.8.3 from lock file\nnpm error Missing: @babel/plugin-syntax-numeric-separator@7.10.4 from lock file\nnpm error Missing: @babel/plugin-syntax-object-rest-spread@7.8.3 from lock file\nnpm error Missing: @babel/plugin-syntax-optional-catch-binding@7.8.3 from lock file\nnpm error Missing: @babel/plugin-syntax-optional-chaining@7.8.3 from lock file\nnpm error Missing: @babel/plugin-syntax-private-property-in-object@7.14.5 from lock file\nnpm error Missing: @babel/plugin-syntax-top-level-await@7.14.5 from lock file\nnpm error Missing: @jest/environment@29.7.0 from lock file\nnpm error Missing: @jest/expect@29.7.0 from lock file\nnpm error Missing: co@4.6.0 from lock file\nnpm error Missing: dedent@1.5.3 from lock file\nnpm error Missing: is-generator-fn@2.1.0 from lock file\nnpm error Missing: jest-each@29.7.0 from lock file\nnpm error Missing: jest-matcher-utils@29.7.0 from lock file\nnpm error Missing: pure-rand@6.1.0 from lock file\nnpm error Missing: stack-utils@2.0.6 from lock file\nnpm error Missing: @jest/fake-timers@29.7.0 from lock file\nnpm error Missing: jest-mock@29.7.0 from lock file\nnpm error Missing: expect@29.7.0 from lock file\nnpm error Missing: @sinonjs/fake-timers@10.3.0 from lock file\nnpm error Missing: @sinonjs/commons@3.0.1 from lock file\nnpm error Missing: type-detect@4.0.8 from lock file\nnpm error Missing: @jest/expect-utils@29.7.0 from lock file\nnpm error Missing: @types/graceful-fs@4.1.9 from lock file\nnpm error Missing: anymatch@3.1.3 from lock file\nnpm error Missing: fb-watchman@2.0.2 from lock file\nnpm error Missing: fsevents@2.3.3 from lock file\nnpm error Missing: walker@1.0.8 from lock file\nnpm error Missing: normalize-path@3.0.0 from lock file\nnpm error Missing: picomatch@2.3.1 from lock file\nnpm error Missing: bser@2.1.1 from lock file\nnpm error Missing: node-int64@0.4.0 from lock file\nnpm error Missing: jest-diff@29.7.0 from lock file\nnpm error Missing: diff-sequences@29.6.3 from lock file\nnpm error Missing: @types/stack-utils@2.0.3 from lock file\nnpm error Missing: jest-pnp-resolver@1.2.3 from lock file\nnpm error Missing: resolve@1.22.10 from lock file\nnpm error Missing: resolve.exports@2.0.3 from lock file\nnpm error Missing: emittery@0.13.1 from lock file\nnpm error Missing: jest-docblock@29.7.0 from lock file\nnpm error Missing: jest-leak-detector@29.7.0 from lock file\nnpm error Missing: source-map-support@0.5.13 from lock file\nnpm error Missing: detect-newline@3.1.0 from lock file\nnpm error Missing: @jest/globals@29.7.0 from lock file\nnpm error Missing: @jest/source-map@29.6.3 from lock file\nnpm error Missing: cjs-module-lexer@1.4.1 from lock file\nnpm error Missing: strip-bom@4.0.0 from lock file\nnpm error Missing: callsites@3.1.0 from lock file\nnpm error Missing: @babel/plugin-syntax-jsx@7.25.9 from lock file\nnpm error Missing: @babel/plugin-syntax-typescript@7.25.9 from lock file\nnpm error Missing: natural-compare@1.4.0 from lock file\nnpm error Missing: camelcase@6.3.0 from lock file\nnpm error Missing: leven@3.1.0 from lock file\nnpm error Missing: supports-color@8.1.1 from lock file\nnpm error Missing: argparse@1.0.10 from lock file\nnpm error Missing: esprima@4.0.1 from lock file\nnpm error Missing: sprintf-js@1.0.3 from lock file\nnpm error Missing: p-locate@4.1.0 from lock file\nnpm error Missing: braces@3.0.3 from lock file\nnpm error Missing: fill-range@7.1.1 from lock file\nnpm error Missing: to-regex-range@5.0.1 from lock file\nnpm error Missing: brace-expansion@1.1.11 from lock file\nnpm error Missing: balanced-match@1.0.2 from lock file\nnpm error Missing: concat-map@0.0.1 from lock file\nnpm error Missing: mimic-fn@2.1.0 from lock file\nnpm error Missing: p-limit@2.3.0 from lock file\nnpm error Missing: error-ex@1.3.2 from lock file\nnpm error Missing: json-parse-even-better-errors@2.3.1 from lock file\nnpm error Missing: lines-and-columns@1.2.4 from lock file\nnpm error Missing: is-arrayish@0.2.1 from lock file\nnpm error Missing: ansi-styles@5.2.0 from lock file\nnpm error Missing: react-is@18.3.1 from lock file\nnpm error Missing: kleur@3.0.3 from lock file\nnpm error Missing: sisteransi@1.0.5 from lock file\nnpm error Missing: is-core-module@2.16.1 from lock file\nnpm error Missing: path-parse@1.0.7 from lock file\nnpm error Missing: supports-preserve-symlinks-flag@1.0.0 from lock file\nnpm error Missing: shebang-regex@3.0.0 from lock file\nnpm error Missing: buffer-from@1.1.2 from lock file\nnpm error Missing: escape-string-regexp@2.0.0 from lock file\nnpm error Missing: char-regex@1.0.2 from lock file\nnpm error Missing: has-flag@4.0.0 from lock file\nnpm error Missing: is-number@7.0.0 from lock file\nnpm error Missing: makeerror@1.0.12 from lock file\nnpm error Missing: tmpl@1.0.5 from lock file\nnpm error Missing: isexe@2.0.0 from lock file\nnpm error Missing: imurmurhash@0.1.4 from lock file\nnpm error Missing: ms@2.1.3 from lock file\nnpm error Missing: yallist@3.1.1 from lock file\nnpm error Missing: ms@2.1.3 from lock file\nnpm error Missing: semver@6.3.1 from lock file\nnpm error Missing: ms@2.1.3 from lock file\nnpm error Missing: p-try@2.2.0 from lock file\nnpm error\nnpm error Clean install a project\nnpm error\nnpm error Usage:\nnpm error npm ci\nnpm error\nnpm error Options:\nnpm error [--install-strategy <hoisted|nested|shallow|linked>] [--legacy-bundling]\nnpm error [--global-style] [--omit <dev|optional|peer> [--omit <dev|optional|peer> ...]]\nnpm error [--include <prod|dev|optional|peer> [--include <prod|dev|optional|peer> ...]]\nnpm error [--strict-peer-deps] [--foreground-scripts] [--ignore-scripts] [--no-audit]\nnpm error [--no-bin-links] [--no-fund] [--dry-run]\nnpm error [-w|--workspace <workspace-name> [-w|--workspace <workspace-name> ...]]\nnpm error [-ws|--workspaces] [--include-workspace-root] [--install-links]\nnpm error\nnpm error aliases: clean-install, ic, install-clean, isntall-clean\nnpm error\nnpm error Run \"npm help ci\" for more info\nnpm error A complete log of this run can be found in: /www-data-home/.npm/_logs/2024-12-23T03_54_41_130Z-debug-0.log. For more details see the logs at https://console.cloud.google.com/cloud-build/builds;region=us-central1/de66b4ad-1185-4686-aa0d-958ad6a9b466?project=700548026300.",
    "original": {
      "code": 3,
      "message": "Build failed with status: FAILURE and message: npm error code EUSAGE\nnpm error\nnpm error `npm ci` can only install packages when your package.json and package-lock.json or npm-shrinkwrap.json are in sync. Please update your lock file with `npm install` before continuing.\nnpm error\nnpm error Missing: jest@29.7.0 from lock file\nnpm error Missing: @jest/core@29.7.0 from lock file\nnpm error Missing: @jest/types@29.6.3 from lock file\nnpm error Missing: import-local@3.2.0 from lock file\nnpm error Missing: jest-cli@29.7.0 from lock file\nnpm error Missing: @jest/console@29.7.0 from lock file\nnpm error Missing: @jest/reporters@29.7.0 from lock file\nnpm error Missing: @jest/test-result@29.7.0 from lock file\nnpm error Missing: @jest/transform@29.7.0 from lock file\nnpm error Missing: ansi-escapes@4.3.2 from lock file\nnpm error Missing: chalk@4.1.2 from lock file\nnpm error Missing: ci-info@3.9.0 from lock file\nnpm error Missing: exit@0.1.2 from lock file\nnpm error Missing: graceful-fs@4.2.11 from lock file\nnpm error Missing: jest-changed-files@29.7.0 from lock file\nnpm error Missing: jest-config@29.7.0 from lock file\nnpm error Missing: jest-haste-map@29.7.0 from lock file\nnpm error Missing: jest-message-util@29.7.0 from lock file\nnpm error Missing: jest-regex-util@29.6.3 from lock file\nnpm error Missing: jest-resolve@29.7.0 from lock file\nnpm error Missing: jest-resolve-dependencies@29.7.0 from lock file\nnpm error Missing: jest-runner@29.7.0 from lock file\nnpm error Missing: jest-runtime@29.7.0 from lock file\nnpm error Missing: jest-snapshot@29.7.0 from lock file\nnpm error Missing: jest-util@29.7.0 from lock file\nnpm error Missing: jest-validate@29.7.0 from lock file\nnpm error Missing: jest-watcher@29.7.0 from lock file\nnpm error Missing: micromatch@4.0.8 from lock file\nnpm error Missing: pretty-format@29.7.0 from lock file\nnpm error Missing: slash@3.0.0 from lock file\nnpm error Missing: @bcoe/v8-coverage@0.2.3 from lock file\nnpm error Missing: @jridgewell/trace-mapping@0.3.25 from lock file\nnpm error Missing: collect-v8-coverage@1.0.2 from lock file\nnpm error Missing: glob@7.2.3 from lock file\nnpm error Missing: istanbul-lib-coverage@3.2.2 from lock file\nnpm error Missing: istanbul-lib-instrument@6.0.3 from lock file\nnpm error Missing: istanbul-lib-report@3.0.1 from lock file\nnpm error Missing: istanbul-lib-source-maps@4.0.1 from lock file\nnpm error Missing: istanbul-reports@3.1.7 from lock file\nnpm error Missing: jest-worker@29.7.0 from lock file\nnpm error Missing: string-length@4.0.2 from lock file\nnpm error Missing: v8-to-istanbul@9.3.0 from lock file\nnpm error Missing: @types/istanbul-lib-coverage@2.0.6 from lock file\nnpm error Missing: @babel/core@7.26.0 from lock file\nnpm error Missing: babel-plugin-istanbul@6.1.1 from lock file\nnpm error Missing: convert-source-map@2.0.0 from lock file\nnpm error Missing: fast-json-stable-stringify@2.1.0 from lock file\nnpm error Missing: pirates@4.0.6 from lock file\nnpm error Missing: write-file-atomic@4.0.2 from lock file\nnpm error Missing: @ampproject/remapping@2.3.0 from lock file\nnpm error Missing: @babel/code-frame@7.26.2 from lock file\nnpm error Missing: @babel/generator@7.26.3 from lock file\nnpm error Missing: @babel/helper-compilation-targets@7.25.9 from lock file\nnpm error Missing: @babel/helper-module-transforms@7.26.0 from lock file\nnpm error Missing: @babel/helpers@7.26.0 from lock file\nnpm error Missing: @babel/parser@7.26.3 from lock file\nnpm error Missing: @babel/template@7.25.9 from lock file\nnpm error Missing: @babel/traverse@7.26.4 from lock file\nnpm error Missing: @babel/types@7.26.3 from lock file\nnpm error Missing: debug@4.4.0 from lock file\nnpm error Missing: gensync@1.0.0-beta.2 from lock file\nnpm error Missing: json5@2.2.3 from lock file\nnpm error Missing: semver@6.3.1 from lock file\nnpm error Missing: @jridgewell/gen-mapping@0.3.8 from lock file\nnpm error Missing: @babel/helper-validator-identifier@7.25.9 from lock file\nnpm error Missing: js-tokens@4.0.0 from lock file\nnpm error Missing: picocolors@1.1.1 from lock file\nnpm error Missing: jsesc@3.1.0 from lock file\nnpm error Missing: @babel/compat-data@7.26.3 from lock file\nnpm error Missing: @babel/helper-validator-option@7.25.9 from lock file\nnpm error Missing: browserslist@4.24.3 from lock file\nnpm error Missing: lru-cache@5.1.1 from lock file\nnpm error Missing: semver@6.3.1 from lock file\nnpm error Missing: @babel/helper-module-imports@7.25.9 from lock file\nnpm error Missing: debug@4.4.0 from lock file\nnpm error Missing: globals@11.12.0 from lock file\nnpm error Missing: @babel/helper-string-parser@7.25.9 from lock file\nnpm error Missing: @jest/schemas@29.6.3 from lock file\nnpm error Missing: @types/istanbul-reports@3.0.4 from lock file\nnpm error Missing: @types/yargs@17.0.33 from lock file\nnpm error Missing: @sinclair/typebox@0.27.8 from lock file\nnpm error Missing: @jridgewell/set-array@1.2.1 from lock file\nnpm error Missing: @jridgewell/sourcemap-codec@1.5.0 from lock file\nnpm error Missing: @jridgewell/resolve-uri@3.1.2 from lock file\nnpm error Missing: @types/istanbul-lib-report@3.0.3 from lock file\nnpm error Missing: @types/yargs-parser@21.0.3 from lock file\nnpm error Missing: type-fest@0.21.3 from lock file\nnpm error Missing: @babel/helper-plugin-utils@7.25.9 from lock file\nnpm error Missing: @istanbuljs/load-nyc-config@1.1.0 from lock file\nnpm error Missing: @istanbuljs/schema@0.1.3 from lock file\nnpm error Missing: istanbul-lib-instrument@5.2.1 from lock file\nnpm error Missing: test-exclude@6.0.0 from lock file\nnpm error Missing: camelcase@5.3.1 from lock file\nnpm error Missing: find-up@4.1.0 from lock file\nnpm error Missing: get-package-type@0.1.0 from lock file\nnpm error Missing: js-yaml@3.14.1 from lock file\nnpm error Missing: resolve-from@5.0.0 from lock file\nnpm error Missing: caniuse-lite@1.0.30001690 from lock file\nnpm error Missing: electron-to-chromium@1.5.75 from lock file\nnpm error Missing: node-releases@2.0.19 from lock file\nnpm error Missing: update-browserslist-db@1.1.1 from lock file\nnpm error Missing: supports-color@7.2.0 from lock file\nnpm error Missing: locate-path@5.0.0 from lock file\nnpm error Missing: path-exists@4.0.0 from lock file\nnpm error Missing: fs.realpath@1.0.0 from lock file\nnpm error Missing: inflight@1.0.6 from lock file\nnpm error Missing: minimatch@3.1.2 from lock file\nnpm error Missing: path-is-absolute@1.0.1 from lock file\nnpm error Missing: pkg-dir@4.2.0 from lock file\nnpm error Missing: resolve-cwd@3.0.0 from lock file\nnpm error Missing: make-dir@4.0.0 from lock file\nnpm error Missing: debug@4.4.0 from lock file\nnpm error Missing: source-map@0.6.1 from lock file\nnpm error Missing: html-escaper@2.0.2 from lock file\nnpm error Missing: execa@5.1.1 from lock file\nnpm error Missing: cross-spawn@7.0.6 from lock file\nnpm error Missing: get-stream@6.0.1 from lock file\nnpm error Missing: human-signals@2.1.0 from lock file\nnpm error Missing: merge-stream@2.0.0 from lock file\nnpm error Missing: npm-run-path@4.0.1 from lock file\nnpm error Missing: onetime@5.1.2 from lock file\nnpm error Missing: signal-exit@3.0.7 from lock file\nnpm error Missing: strip-final-newline@2.0.0 from lock file\nnpm error Missing: path-key@3.1.1 from lock file\nnpm error Missing: shebang-command@2.0.0 from lock file\nnpm error Missing: which@2.0.2 from lock file\nnpm error Missing: create-jest@29.7.0 from lock file\nnpm error Missing: prompts@2.4.2 from lock file\nnpm error Missing: @jest/test-sequencer@29.7.0 from lock file\nnpm error Missing: babel-jest@29.7.0 from lock file\nnpm error Missing: deepmerge@4.3.1 from lock file\nnpm error Missing: jest-circus@29.7.0 from lock file\nnpm error Missing: jest-environment-node@29.7.0 from lock file\nnpm error Missing: jest-get-type@29.6.3 from lock file\nnpm error Missing: parse-json@5.2.0 from lock file\nnpm error Missing: strip-json-comments@3.1.1 from lock file\nnpm error Missing: @types/babel__core@7.20.5 from lock file\nnpm error Missing: babel-preset-jest@29.6.3 from lock file\nnpm error Missing: @types/babel__generator@7.6.8 from lock file\nnpm error Missing: @types/babel__template@7.4.4 from lock file\nnpm error Missing: @types/babel__traverse@7.20.6 from lock file\nnpm error Missing: babel-plugin-jest-hoist@29.6.3 from lock file\nnpm error Missing: babel-preset-current-node-syntax@1.1.0 from lock file\nnpm error Missing: @babel/plugin-syntax-async-generators@7.8.4 from lock file\nnpm error Missing: @babel/plugin-syntax-bigint@7.8.3 from lock file\nnpm error Missing: @babel/plugin-syntax-class-properties@7.12.13 from lock file\nnpm error Missing: @babel/plugin-syntax-class-static-block@7.14.5 from lock file\nnpm error Missing: @babel/plugin-syntax-import-attributes@7.26.0 from lock file\nnpm error Missing: @babel/plugin-syntax-import-meta@7.10.4 from lock file\nnpm error Missing: @babel/plugin-syntax-json-strings@7.8.3 from lock file\nnpm error Missing: @babel/plugin-syntax-logical-assignment-operators@7.10.4 from lock file\nnpm error Missing: @babel/plugin-syntax-nullish-coalescing-operator@7.8.3 from lock file\nnpm error Missing: @babel/plugin-syntax-numeric-separator@7.10.4 from lock file\nnpm error Missing: @babel/plugin-syntax-object-rest-spread@7.8.3 from lock file\nnpm error Missing: @babel/plugin-syntax-optional-catch-binding@7.8.3 from lock file\nnpm error Missing: @babel/plugin-syntax-optional-chaining@7.8.3 from lock file\nnpm error Missing: @babel/plugin-syntax-private-property-in-object@7.14.5 from lock file\nnpm error Missing: @babel/plugin-syntax-top-level-await@7.14.5 from lock file\nnpm error Missing: @jest/environment@29.7.0 from lock file\nnpm error Missing: @jest/expect@29.7.0 from lock file\nnpm error Missing: co@4.6.0 from lock file\nnpm error Missing: dedent@1.5.3 from lock file\nnpm error Missing: is-generator-fn@2.1.0 from lock file\nnpm error Missing: jest-each@29.7.0 from lock file\nnpm error Missing: jest-matcher-utils@29.7.0 from lock file\nnpm error Missing: pure-rand@6.1.0 from lock file\nnpm error Missing: stack-utils@2.0.6 from lock file\nnpm error Missing: @jest/fake-timers@29.7.0 from lock file\nnpm error Missing: jest-mock@29.7.0 from lock file\nnpm error Missing: expect@29.7.0 from lock file\nnpm error Missing: @sinonjs/fake-timers@10.3.0 from lock file\nnpm error Missing: @sinonjs/commons@3.0.1 from lock file\nnpm error Missing: type-detect@4.0.8 from lock file\nnpm error Missing: @jest/expect-utils@29.7.0 from lock file\nnpm error Missing: @types/graceful-fs@4.1.9 from lock file\nnpm error Missing: anymatch@3.1.3 from lock file\nnpm error Missing: fb-watchman@2.0.2 from lock file\nnpm error Missing: fsevents@2.3.3 from lock file\nnpm error Missing: walker@1.0.8 from lock file\nnpm error Missing: normalize-path@3.0.0 from lock file\nnpm error Missing: picomatch@2.3.1 from lock file\nnpm error Missing: bser@2.1.1 from lock file\nnpm error Missing: node-int64@0.4.0 from lock file\nnpm error Missing: jest-diff@29.7.0 from lock file\nnpm error Missing: diff-sequences@29.6.3 from lock file\nnpm error Missing: @types/stack-utils@2.0.3 from lock file\nnpm error Missing: jest-pnp-resolver@1.2.3 from lock file\nnpm error Missing: resolve@1.22.10 from lock file\nnpm error Missing: resolve.exports@2.0.3 from lock file\nnpm error Missing: emittery@0.13.1 from lock file\nnpm error Missing: jest-docblock@29.7.0 from lock file\nnpm error Missing: jest-leak-detector@29.7.0 from lock file\nnpm error Missing: source-map-support@0.5.13 from lock file\nnpm error Missing: detect-newline@3.1.0 from lock file\nnpm error Missing: @jest/globals@29.7.0 from lock file\nnpm error Missing: @jest/source-map@29.6.3 from lock file\nnpm error Missing: cjs-module-lexer@1.4.1 from lock file\nnpm error Missing: strip-bom@4.0.0 from lock file\nnpm error Missing: callsites@3.1.0 from lock file\nnpm error Missing: @babel/plugin-syntax-jsx@7.25.9 from lock file\nnpm error Missing: @babel/plugin-syntax-typescript@7.25.9 from lock file\nnpm error Missing: natural-compare@1.4.0 from lock file\nnpm error Missing: camelcase@6.3.0 from lock file\nnpm error Missing: leven@3.1.0 from lock file\nnpm error Missing: supports-color@8.1.1 from lock file\nnpm error Missing: argparse@1.0.10 from lock file\nnpm error Missing: esprima@4.0.1 from lock file\nnpm error Missing: sprintf-js@1.0.3 from lock file\nnpm error Missing: p-locate@4.1.0 from lock file\nnpm error Missing: braces@3.0.3 from lock file\nnpm error Missing: fill-range@7.1.1 from lock file\nnpm error Missing: to-regex-range@5.0.1 from lock file\nnpm error Missing: brace-expansion@1.1.11 from lock file\nnpm error Missing: balanced-match@1.0.2 from lock file\nnpm error Missing: concat-map@0.0.1 from lock file\nnpm error Missing: mimic-fn@2.1.0 from lock file\nnpm error Missing: p-limit@2.3.0 from lock file\nnpm error Missing: error-ex@1.3.2 from lock file\nnpm error Missing: json-parse-even-better-errors@2.3.1 from lock file\nnpm error Missing: lines-and-columns@1.2.4 from lock file\nnpm error Missing: is-arrayish@0.2.1 from lock file\nnpm error Missing: ansi-styles@5.2.0 from lock file\nnpm error Missing: react-is@18.3.1 from lock file\nnpm error Missing: kleur@3.0.3 from lock file\nnpm error Missing: sisteransi@1.0.5 from lock file\nnpm error Missing: is-core-module@2.16.1 from lock file\nnpm error Missing: path-parse@1.0.7 from lock file\nnpm error Missing: supports-preserve-symlinks-flag@1.0.0 from lock file\nnpm error Missing: shebang-regex@3.0.0 from lock file\nnpm error Missing: buffer-from@1.1.2 from lock file\nnpm error Missing: escape-string-regexp@2.0.0 from lock file\nnpm error Missing: char-regex@1.0.2 from lock file\nnpm error Missing: has-flag@4.0.0 from lock file\nnpm error Missing: is-number@7.0.0 from lock file\nnpm error Missing: makeerror@1.0.12 from lock file\nnpm error Missing: tmpl@1.0.5 from lock file\nnpm error Missing: isexe@2.0.0 from lock file\nnpm error Missing: imurmurhash@0.1.4 from lock file\nnpm error Missing: ms@2.1.3 from lock file\nnpm error Missing: yallist@3.1.1 from lock file\nnpm error Missing: ms@2.1.3 from lock file\nnpm error Missing: semver@6.3.1 from lock file\nnpm error Missing: ms@2.1.3 from lock file\nnpm error Missing: p-try@2.2.0 from lock file\nnpm error\nnpm error Clean install a project\nnpm error\nnpm error Usage:\nnpm error npm ci\nnpm error\nnpm error Options:\nnpm error [--install-strategy <hoisted|nested|shallow|linked>] [--legacy-bundling]\nnpm error [--global-style] [--omit <dev|optional|peer> [--omit <dev|optional|peer> ...]]\nnpm error [--include <prod|dev|optional|peer> [--include <prod|dev|optional|peer> ...]]\nnpm error [--strict-peer-deps] [--foreground-scripts] [--ignore-scripts] [--no-audit]\nnpm error [--no-bin-links] [--no-fund] [--dry-run]\nnpm error [-w|--workspace <workspace-name> [-w|--workspace <workspace-name> ...]]\nnpm error [-ws|--workspaces] [--include-workspace-root] [--install-links]\nnpm error\nnpm error aliases: clean-install, ic, install-clean, isntall-clean\nnpm error\nnpm error Run \"npm help ci\" for more info\nnpm error A complete log of this run can be found in: /www-data-home/.npm/_logs/2024-12-23T03_54_41_130Z-debug-0.log. For more details see the logs at https://console.cloud.google.com/cloud-build/builds;region=us-central1/de66b4ad-1185-4686-aa0d-958ad6a9b466?project=700548026300."
    },
    "status": 3,
    "code": 3
  }
}
[debug] [2024-12-23T03:55:39.302Z] {
  "endpoint": {
    "id": "makeuppercase",
    "project": "ecom-firestore-11867",
    "region": "us-central1",
    "entryPoint": "makeuppercase",
    "platform": "gcfv2",
    "runtime": "nodejs22",
    "eventTrigger": {
      "eventType": "google.cloud.firestore.document.v1.created",
      "retry": false,
      "eventFilters": {
        "database": "(default)",
        "namespace": "(default)"
      },
      "eventFilterPathPatterns": {
        "document": "messages/{documentId}"
      },
      "region": "asia-southeast1"
    },
    "labels": {
      "deployment-tool": "cli-firebase"
    },
    "ingressSettings": null,
    "availableMemoryMb": null,
    "serviceAccount": null,
    "timeoutSeconds": null,
    "maxInstances": null,
    "minInstances": null,
    "concurrency": 80,
    "vpc": null,
    "environmentVariables": {
      "FIREBASE_CONFIG": "{\"projectId\":\"ecom-firestore-11867\",\"storageBucket\":\"ecom-firestore-11867.firebasestorage.app\"}",
      "GCLOUD_PROJECT": "ecom-firestore-11867",
      "EVENTARC_CLOUD_EVENT_SOURCE": "projects/ecom-firestore-11867/locations/us-central1/services/makeuppercase"
    },
    "codebase": "default",
    "cpu": 1,
    "targetedByOnly": false,
    "hash": "26b91d47af905517db3da251ac9cd3fd247064e1"
  },
  "op": "create",
  "original": {
    "name": "FirebaseError",
    "children": [],
    "context": {
      "function": "projects/ecom-firestore-11867/locations/us-central1/functions/makeuppercase"
    },
    "exit": 1,
    "message": "Failed to create function projects/ecom-firestore-11867/locations/us-central1/functions/makeuppercase",
    "original": {
      "name": "FirebaseError",
      "children": [],
      "context": {
        "body": {
          "error": {
            "code": 400,
            "message": "Validation failed for trigger projects/ecom-firestore-11867/locations/asia-southeast1/triggers/makeuppercase-620178: Invalid resource state for \"\": Permission denied while using the Eventarc Service Agent. If you recently started to use Eventarc, it may take a few minutes before all necessary permissions are propagated to the Service Agent. Otherwise, verify that it has Eventarc Service Agent role.",
            "status": "FAILED_PRECONDITION"
          }
        },
        "response": {
          "statusCode": 400
        }
      },
      "exit": 1,
      "message": "Request to https://cloudfunctions.googleapis.com/v2/projects/ecom-firestore-11867/locations/us-central1/functions?functionId=makeuppercase had HTTP Error: 400, Validation failed for trigger projects/ecom-firestore-11867/locations/asia-southeast1/triggers/makeuppercase-620178: Invalid resource state for \"\": Permission denied while using the Eventarc Service Agent. If you recently started to use Eventarc, it may take a few minutes before all necessary permissions are propagated to the Service Agent. Otherwise, verify that it has Eventarc Service Agent role.",
      "status": 400
    },
    "status": 400,
    "code": 400
  }
}
[error] Error: There was an error deploying functions:
[error] - Error Failed to create function addmessage in region us-central1
[error] - Error Failed to create function makeuppercase in region us-central1
